This is XeTeX, Version 3.141592653-2.6-0.999995 (TeX Live 2023) (preloaded format=xelatex 2023.9.22)  14 JUN 2024 18:45
entering extended mode
 restricted \write18 enabled.
 file:line:error style messages enabled.
 %&-line parsing enabled.
**plasmbook.tex
(./plasmbook.tex
LaTeX2e <2022-11-01> patch level 1
L3 programming layer <2023-02-22> (./svmono.cls
Document Class: svmono 2021/09/08 v5.10 
Springer Verlag global LaTeX document class for monographs
Class Springer-SVMono Info: extra/valid Springer sub-package 
(Springer-SVMono)           not found in option list - using "global" style.
(/usr/local/texlive/2023/texmf-dist/tex/latex/base/article.cls
Document Class: article 2022/07/02 v1.4n Standard LaTeX document class
(/usr/local/texlive/2023/texmf-dist/tex/latex/base/size10.clo
File: size10.clo 2022/07/02 v1.4n Standard LaTeX file (size option)
)
\c@part=\count181
\c@section=\count182
\c@subsection=\count183
\c@subsubsection=\count184
\c@paragraph=\count185
\c@subparagraph=\count186
\c@figure=\count187
\c@table=\count188
\abovecaptionskip=\skip48
\belowcaptionskip=\skip49
\bibindent=\dimen140
)
\svparindent=\dimen141
\betweenumberspace=\dimen142
\headlineindent=\dimen143
\c@chapter=\count189
\mottowidth=\dimen144
\svitemindent=\dimen145
\verbatimindent=\dimen146
LaTeX Font Info:    Redeclaring math symbol \Gamma on input line 839.
LaTeX Font Info:    Redeclaring math symbol \Delta on input line 840.
LaTeX Font Info:    Redeclaring math symbol \Theta on input line 841.
LaTeX Font Info:    Redeclaring math symbol \Lambda on input line 842.
LaTeX Font Info:    Redeclaring math symbol \Xi on input line 843.
LaTeX Font Info:    Redeclaring math symbol \Pi on input line 844.
LaTeX Font Info:    Redeclaring math symbol \Sigma on input line 845.
LaTeX Font Info:    Redeclaring math symbol \Upsilon on input line 846.
LaTeX Font Info:    Redeclaring math symbol \Phi on input line 847.
LaTeX Font Info:    Redeclaring math symbol \Psi on input line 848.
LaTeX Font Info:    Redeclaring math symbol \Omega on input line 849.
\tocchpnum=\dimen147
\tocsecnum=\dimen148
\tocsectotal=\dimen149
\tocsubsecnum=\dimen150
\tocsubsectotal=\dimen151
\tocsubsubsecnum=\dimen152
\tocsubsubsectotal=\dimen153
\tocparanum=\dimen154
\tocparatotal=\dimen155
\tocsubparanum=\dimen156
\foot@parindent=\dimen157
\spthmsep=\dimen158
\c@theorem=\count190
\c@case=\count191
\c@conjecture=\count192
\c@corollary=\count193
\c@definition=\count194
\c@example=\count195
\c@exercise=\count196
\c@lemma=\count197
\c@note=\count198
\c@test=\count199
\c@problem=\count266
\c@property=\count267
\c@proposition=\count268
\c@library=\count269
\c@question=\count270
\c@solution=\count271
\c@remark=\count272
\c@prob=\count273
\instindent=\dimen159
\figgap=\dimen160
\bildb@x=\box51
\figcapgap=\dimen161
\tabcapgap=\dimen162
\c@merk=\count274
LaTeX Info: Redefining \abstract on input line 1904.

(/usr/local/texlive/2023/texmf-dist/tex/latex/xcolor/xcolor.sty
Package: xcolor 2022/06/12 v2.14 LaTeX color extensions (UK)

(/usr/local/texlive/2023/texmf-dist/tex/latex/graphics-cfg/color.cfg
File: color.cfg 2016/01/02 v1.6 sample color configuration
)
Package xcolor Info: Driver file: xetex.def on input line 227.

(/usr/local/texlive/2023/texmf-dist/tex/latex/graphics-def/xetex.def
File: xetex.def 2022/09/22 v5.0n Graphics/color driver for xetex
)
(/usr/local/texlive/2023/texmf-dist/tex/latex/graphics/mathcolor.ltx)
Package xcolor Info: Model `cmy' substituted by `cmy0' on input line 1353.
Package xcolor Info: Model `RGB' extended on input line 1369.
Package xcolor Info: Model `HTML' substituted by `rgb' on input line 1371.
Package xcolor Info: Model `Hsb' substituted by `hsb' on input line 1372.
Package xcolor Info: Model `tHsb' substituted by `hsb' on input line 1373.
Package xcolor Info: Model `HSB' substituted by `hsb' on input line 1374.
Package xcolor Info: Model `Gray' substituted by `gray' on input line 1375.
Package xcolor Info: Model `wave' substituted by `hsb' on input line 1376.

(/usr/local/texlive/2023/texmf-dist/tex/latex/xcolor/x11nam.def
File: x11nam.def 2022/06/12 v2.14 Predefined colors according to Unix/X11 (UK)
))
(/usr/local/texlive/2023/texmf-dist/tex/latex/ntheorem/ntheorem.sty
Style `ntheorem', Version 1.33 <2011/08/15>
Package: ntheorem 2011/08/15 1.33
(/usr/local/texlive/2023/texmf-dist/tex/latex/base/ifthen.sty
Package: ifthen 2022/04/13 v1.1d Standard LaTeX ifthen package (DPC)
)
\theorem@style=\toks16
\theorem@@style=\toks17
\theorembodyfont=\toks18
\theoremnumbering=\toks19
\theorempreskipamount=\skip50
\theorempostskipamount=\skip51
\theoremframepreskipamount=\skip52
\theoremframepostskipamount=\skip53
\theoreminframepreskipamount=\skip54
\theoreminframepostskipamount=\skip55
\theorem@preskip=\toks20
\theorem@postskip=\toks21
\theorem@framepreskip=\toks22
\theorem@framepostskip=\toks23
\theorem@inframepreskip=\toks24
\theorem@inframepostskip=\toks25
\theoremindent=\dimen163
\theorem@indent=\dimen164
\theoremrightindent=\dimen165
\theorem@rightindent=\dimen166
\theoremheaderfont=\toks26
\theoremseparator=\toks27
\theoremprework=\toks28
\theorempostwork=\toks29
\theoremsymbol=\toks30
\qedsymbol=\toks31
\theoremkeyword=\toks32
\qedsymbol=\toks33
\thm@topsep=\skip56
\thm@topsepadd=\skip57
Package ntheorem Info: Option `thmmarks' loaded on input line 1175.
\c@endNonectr=\count275
\c@currNonectr=\count276
\mysavskip=\skip58
Package ntheorem Info: Option `thref' loaded on input line 1175.
\mysavskip=\skip59
)
\c@currproofctr=\count277
\c@endproofctr=\count278
\c@proof=\count279
\minitoc=\write3
\c@minitocdepth=\count280
\c@@inst=\count281
\c@@auth=\count282
\c@auco=\count283
\instindent=\dimen167
\authrun=\box52
\authorrunning=\toks34
\tocauthor=\toks35
\titrun=\box53
\titlerunning=\toks36
\toctitle=\toks37
\c@contribution=\count284
)
(/usr/local/texlive/2023/texmf-dist/tex/latex/framed/framed.sty
Package: framed 2011/10/22 v 0.96: framed or shaded text with page breaks
\OuterFrameSep=\skip60
\fb@frw=\dimen168
\fb@frh=\dimen169
\FrameRule=\dimen170
\FrameSep=\dimen171
)
(/usr/local/texlive/2023/texmf-dist/tex/latex/type1cm/type1cm.sty
Package: type1cm 2002/09/05 v0.04 BlueSky/Y&Y Type1 CM font definitions (DPC, p
atched RF)
)
(/usr/local/texlive/2023/texmf-dist/tex/latex/base/makeidx.sty
Package: makeidx 2021/10/04 v1.0m Standard LaTeX package
)
(/usr/local/texlive/2023/texmf-dist/tex/latex/graphics/graphicx.sty
Package: graphicx 2021/09/16 v1.2d Enhanced LaTeX Graphics (DPC,SPQR)

(/usr/local/texlive/2023/texmf-dist/tex/latex/graphics/keyval.sty
Package: keyval 2022/05/29 v1.15 key=value parser (DPC)
\KV@toks@=\toks38
)
(/usr/local/texlive/2023/texmf-dist/tex/latex/graphics/graphics.sty
Package: graphics 2022/03/10 v1.4e Standard LaTeX Graphics (DPC,SPQR)

(/usr/local/texlive/2023/texmf-dist/tex/latex/graphics/trig.sty
Package: trig 2021/08/11 v1.11 sin cos tan (DPC)
)
(/usr/local/texlive/2023/texmf-dist/tex/latex/graphics-cfg/graphics.cfg
File: graphics.cfg 2016/06/04 v1.11 sample graphics configuration
)
Package graphics Info: Driver file: xetex.def on input line 107.
)
\Gin@req@height=\dimen172
\Gin@req@width=\dimen173
)
(/usr/local/texlive/2023/texmf-dist/tex/latex/tools/calc.sty
Package: calc 2017/05/25 v4.3 Infix arithmetic (KKT,FJ)
\calc@Acount=\count285
\calc@Bcount=\count286
\calc@Adimen=\dimen174
\calc@Bdimen=\dimen175
\calc@Askip=\skip61
\calc@Bskip=\skip62
LaTeX Info: Redefining \setlength on input line 80.
LaTeX Info: Redefining \addtolength on input line 81.
\calc@Ccount=\count287
\calc@Cskip=\skip63
)
(/usr/local/texlive/2023/texmf-dist/tex/latex/tools/multicol.sty
Package: multicol 2021/11/30 v1.9d multicolumn formatting (FMi)
\c@tracingmulticols=\count288
\mult@box=\box54
\multicol@leftmargin=\dimen176
\c@unbalance=\count289
\c@collectmore=\count290
\doublecol@number=\count291
\multicoltolerance=\count292
\multicolpretolerance=\count293
\full@width=\dimen177
\page@free=\dimen178
\premulticols=\dimen179
\postmulticols=\dimen180
\multicolsep=\skip64
\multicolbaselineskip=\skip65
\partial@page=\box55
\last@line=\box56
\maxbalancingoverflow=\dimen181
\mult@rightbox=\box57
\mult@grightbox=\box58
\mult@firstbox=\box59
\mult@gfirstbox=\box60
\@tempa=\box61
\@tempa=\box62
\@tempa=\box63
\@tempa=\box64
\@tempa=\box65
\@tempa=\box66
\@tempa=\box67
\@tempa=\box68
\@tempa=\box69
\@tempa=\box70
\@tempa=\box71
\@tempa=\box72
\@tempa=\box73
\@tempa=\box74
\@tempa=\box75
\@tempa=\box76
\@tempa=\box77
\@tempa=\box78
\@tempa=\box79
\@tempa=\box80
\@tempa=\box81
\@tempa=\box82
\@tempa=\box83
\@tempa=\box84
\@tempa=\box85
\@tempa=\box86
\@tempa=\box87
\@tempa=\box88
\@tempa=\box89
\@tempa=\box90
\@tempa=\box91
\@tempa=\box92
\@tempa=\box93
\@tempa=\box94
\@tempa=\box95
\@tempa=\box96
\c@minrows=\count294
\c@columnbadness=\count295
\c@finalcolumnbadness=\count296
\last@try=\dimen182
\multicolovershoot=\dimen183
\multicolundershoot=\dimen184
\mult@nat@firstbox=\box97
\colbreak@box=\box98
\mc@col@check@num=\count297
)
(/usr/local/texlive/2023/texmf-dist/tex/latex/footmisc/footmisc.sty
Package: footmisc 2022/03/08 v6.0d a miscellany of footnote facilities
\FN@temptoken=\toks39
\footnotemargin=\dimen185
\@outputbox@depth=\dimen186
Package footmisc Info: Declaring symbol style bringhurst on input line 695.
Package footmisc Info: Declaring symbol style chicago on input line 703.
Package footmisc Info: Declaring symbol style wiley on input line 712.
Package footmisc Info: Declaring symbol style lamport-robust on input line 723.

Package footmisc Info: Declaring symbol style lamport* on input line 743.
Package footmisc Info: Declaring symbol style lamport*-robust on input line 764
.
)
(/usr/local/texlive/2023/texmf-dist/tex/latex/hyperref/hyperref.sty
Package: hyperref 2023-02-07 v7.00v Hypertext links for LaTeX

(/usr/local/texlive/2023/texmf-dist/tex/generic/ltxcmds/ltxcmds.sty
Package: ltxcmds 2020-05-10 v1.25 LaTeX kernel commands for general use (HO)
)
(/usr/local/texlive/2023/texmf-dist/tex/generic/iftex/iftex.sty
Package: iftex 2022/02/03 v1.0f TeX engine tests
)
(/usr/local/texlive/2023/texmf-dist/tex/generic/pdftexcmds/pdftexcmds.sty
Package: pdftexcmds 2020-06-27 v0.33 Utility functions of pdfTeX for LuaTeX (HO
)

(/usr/local/texlive/2023/texmf-dist/tex/generic/infwarerr/infwarerr.sty
Package: infwarerr 2019/12/03 v1.5 Providing info/warning/error messages (HO)
)
Package pdftexcmds Info: \pdf@primitive is available.
Package pdftexcmds Info: \pdf@ifprimitive is available.
Package pdftexcmds Info: \pdfdraftmode not found.
)
(/usr/local/texlive/2023/texmf-dist/tex/latex/kvsetkeys/kvsetkeys.sty
Package: kvsetkeys 2022-10-05 v1.19 Key value parser (HO)
)
(/usr/local/texlive/2023/texmf-dist/tex/generic/kvdefinekeys/kvdefinekeys.sty
Package: kvdefinekeys 2019-12-19 v1.6 Define keys (HO)
)
(/usr/local/texlive/2023/texmf-dist/tex/generic/pdfescape/pdfescape.sty
Package: pdfescape 2019/12/09 v1.15 Implements pdfTeX's escape features (HO)
)
(/usr/local/texlive/2023/texmf-dist/tex/latex/hycolor/hycolor.sty
Package: hycolor 2020-01-27 v1.10 Color options for hyperref/bookmark (HO)
)
(/usr/local/texlive/2023/texmf-dist/tex/latex/letltxmacro/letltxmacro.sty
Package: letltxmacro 2019/12/03 v1.6 Let assignment for LaTeX macros (HO)
)
(/usr/local/texlive/2023/texmf-dist/tex/latex/auxhook/auxhook.sty
Package: auxhook 2019-12-17 v1.6 Hooks for auxiliary files (HO)
)
(/usr/local/texlive/2023/texmf-dist/tex/latex/hyperref/nameref.sty
Package: nameref 2022-05-17 v2.50 Cross-referencing by name of section

(/usr/local/texlive/2023/texmf-dist/tex/latex/refcount/refcount.sty
Package: refcount 2019/12/15 v3.6 Data extraction from label references (HO)
)
(/usr/local/texlive/2023/texmf-dist/tex/generic/gettitlestring/gettitlestring.s
ty
Package: gettitlestring 2019/12/15 v1.6 Cleanup title references (HO)
 (/usr/local/texlive/2023/texmf-dist/tex/latex/kvoptions/kvoptions.sty
Package: kvoptions 2022-06-15 v3.15 Key value format for package options (HO)
))
\c@section@level=\count298
)
\@linkdim=\dimen187
\Hy@linkcounter=\count299
\Hy@pagecounter=\count300

(/usr/local/texlive/2023/texmf-dist/tex/latex/hyperref/pd1enc.def
File: pd1enc.def 2023-02-07 v7.00v Hyperref: PDFDocEncoding definition (HO)
)
(/usr/local/texlive/2023/texmf-dist/tex/generic/intcalc/intcalc.sty
Package: intcalc 2019/12/15 v1.3 Expandable calculations with integers (HO)
)
(/usr/local/texlive/2023/texmf-dist/tex/generic/etexcmds/etexcmds.sty
Package: etexcmds 2019/12/15 v1.7 Avoid name clashes with e-TeX commands (HO)
)
\Hy@SavedSpaceFactor=\count301

(/usr/local/texlive/2023/texmf-dist/tex/latex/hyperref/puenc.def
File: puenc.def 2023-02-07 v7.00v Hyperref: PDF Unicode definition (HO)
)
Package hyperref Info: Hyper figures OFF on input line 4177.
Package hyperref Info: Link nesting OFF on input line 4182.
Package hyperref Info: Hyper index ON on input line 4185.
Package hyperref Info: Plain pages OFF on input line 4192.
Package hyperref Info: Backreferencing OFF on input line 4197.
Package hyperref Info: Implicit mode ON; LaTeX internals redefined.
Package hyperref Info: Bookmarks ON on input line 4425.
\c@Hy@tempcnt=\count302

(/usr/local/texlive/2023/texmf-dist/tex/latex/url/url.sty
\Urlmuskip=\muskip16
Package: url 2013/09/16  ver 3.4  Verb mode for urls, etc.
)
LaTeX Info: Redefining \url on input line 4763.
\XeTeXLinkMargin=\dimen188

(/usr/local/texlive/2023/texmf-dist/tex/generic/bitset/bitset.sty
Package: bitset 2019/12/09 v1.3 Handle bit-vector datatype (HO)

(/usr/local/texlive/2023/texmf-dist/tex/generic/bigintcalc/bigintcalc.sty
Package: bigintcalc 2019/12/15 v1.5 Expandable calculations on big integers (HO
)
))
\Fld@menulength=\count303
\Field@Width=\dimen189
\Fld@charsize=\dimen190
Package hyperref Info: Hyper figures OFF on input line 6042.
Package hyperref Info: Link nesting OFF on input line 6047.
Package hyperref Info: Hyper index ON on input line 6050.
Package hyperref Info: backreferencing OFF on input line 6057.
Package hyperref Info: Link coloring OFF on input line 6062.
Package hyperref Info: Link coloring with OCG OFF on input line 6067.
Package hyperref Info: PDF/A mode OFF on input line 6072.

(/usr/local/texlive/2023/texmf-dist/tex/latex/base/atbegshi-ltx.sty
Package: atbegshi-ltx 2021/01/10 v1.0c Emulation of the original atbegshi
package with kernel methods
)
\Hy@abspage=\count304
\c@Item=\count305
\c@Hfootnote=\count306
)
Package hyperref Info: Driver (autodetected): hxetex.

(/usr/local/texlive/2023/texmf-dist/tex/latex/hyperref/hxetex.def
File: hxetex.def 2023-02-07 v7.00v Hyperref driver for XeTeX

(/usr/local/texlive/2023/texmf-dist/tex/generic/stringenc/stringenc.sty
Package: stringenc 2019/11/29 v1.12 Convert strings between diff. encodings (HO
)
)
\pdfm@box=\box99
\c@Hy@AnnotLevel=\count307
\HyField@AnnotCount=\count308
\Fld@listcount=\count309
\c@bookmark@seq@number=\count310

(/usr/local/texlive/2023/texmf-dist/tex/latex/rerunfilecheck/rerunfilecheck.sty
Package: rerunfilecheck 2022-07-10 v1.10 Rerun checks for auxiliary files (HO)
(/usr/local/texlive/2023/texmf-dist/tex/latex/base/atveryend-ltx.sty
Package: atveryend-ltx 2020/08/19 v1.0a Emulation of the original atveryend pac
kage
with kernel methods
)
(/usr/local/texlive/2023/texmf-dist/tex/generic/uniquecounter/uniquecounter.sty
Package: uniquecounter 2019/12/15 v1.4 Provide unlimited unique counter (HO)
)
Package uniquecounter Info: New unique counter `rerunfilecheck' on input line 2
85.
)
\Hy@SectionHShift=\skip66
) (/usr/local/texlive/2023/texmf-dist/tex/latex/lipsum/lipsum.sty
(/usr/local/texlive/2023/texmf-dist/tex/latex/l3packages/l3keys2e/l3keys2e.sty
(/usr/local/texlive/2023/texmf-dist/tex/latex/l3kernel/expl3.sty
Package: expl3 2023-02-22 L3 programming layer (loader) 

(/usr/local/texlive/2023/texmf-dist/tex/latex/l3backend/l3backend-xetex.def
File: l3backend-xetex.def 2023-01-16 L3 backend support: XeTeX
\g__graphics_track_int=\count311
\l__pdf_internal_box=\box100
\g__pdf_backend_object_int=\count312
\g__pdf_backend_annotation_int=\count313
\g__pdf_backend_link_int=\count314
))
Package: l3keys2e 2023-02-02 LaTeX2e option processing using LaTeX3 keys
)
Package: lipsum 2021-09-20 v2.7 150 paragraphs of Lorem Ipsum dummy text
\g__lipsum_par_int=\count315
\l__lipsum_a_int=\count316
\l__lipsum_b_int=\count317

(/usr/local/texlive/2023/texmf-dist/tex/latex/lipsum/lipsum.ltd.tex))
(/usr/local/texlive/2023/texmf-dist/tex/latex/bigints/bigints.sty
Package: bigints 2010/02/15 Writing big integrals
Package bigints Info: This is Bigints by Merciadri Luca. on input line 5.

(/usr/local/texlive/2023/texmf-dist/tex/latex/amsmath/amsmath.sty
Package: amsmath 2022/04/08 v2.17n AMS math features
\@mathmargin=\skip67

For additional information on amsmath, use the `?' option.
(/usr/local/texlive/2023/texmf-dist/tex/latex/amsmath/amstext.sty
Package: amstext 2021/08/26 v2.01 AMS text

(/usr/local/texlive/2023/texmf-dist/tex/latex/amsmath/amsgen.sty
File: amsgen.sty 1999/11/30 v2.0 generic functions
\@emptytoks=\toks40
\ex@=\dimen191
))
(/usr/local/texlive/2023/texmf-dist/tex/latex/amsmath/amsbsy.sty
Package: amsbsy 1999/11/29 v1.2d Bold Symbols
\pmbraise@=\dimen192
)
(/usr/local/texlive/2023/texmf-dist/tex/latex/amsmath/amsopn.sty
Package: amsopn 2022/04/08 v2.04 operator names
)
\inf@bad=\count318
LaTeX Info: Redefining \frac on input line 234.
\uproot@=\count319
\leftroot@=\count320
LaTeX Info: Redefining \overline on input line 399.
LaTeX Info: Redefining \colon on input line 410.
\classnum@=\count321
\DOTSCASE@=\count322
LaTeX Info: Redefining \ldots on input line 496.
LaTeX Info: Redefining \dots on input line 499.
LaTeX Info: Redefining \cdots on input line 620.
\Mathstrutbox@=\box101
\strutbox@=\box102
LaTeX Info: Redefining \big on input line 722.
LaTeX Info: Redefining \Big on input line 723.
LaTeX Info: Redefining \bigg on input line 724.
LaTeX Info: Redefining \Bigg on input line 725.
\big@size=\dimen193
LaTeX Font Info:    Redeclaring font encoding OML on input line 743.
LaTeX Font Info:    Redeclaring font encoding OMS on input line 744.
\macc@depth=\count323
LaTeX Info: Redefining \bmod on input line 905.
LaTeX Info: Redefining \pmod on input line 910.
LaTeX Info: Redefining \smash on input line 940.
LaTeX Info: Redefining \relbar on input line 970.
LaTeX Info: Redefining \Relbar on input line 971.
\c@MaxMatrixCols=\count324
\dotsspace@=\muskip17
\c@parentequation=\count325
\dspbrk@lvl=\count326
\tag@help=\toks41
\row@=\count327
\column@=\count328
\maxfields@=\count329
\andhelp@=\toks42
\eqnshift@=\dimen194
\alignsep@=\dimen195
\tagshift@=\dimen196
\tagwidth@=\dimen197
\totwidth@=\dimen198
\lineht@=\dimen199
\@envbody=\toks43
\multlinegap=\skip68
\multlinetaggap=\skip69
\mathdisplay@stack=\toks44
LaTeX Info: Redefining \[ on input line 2953.
LaTeX Info: Redefining \] on input line 2954.
))
(/usr/local/texlive/2023/texmf-dist/tex/latex/listings/listings.sty
\lst@mode=\count330
\lst@gtempboxa=\box103
\lst@token=\toks45
\lst@length=\count331
\lst@currlwidth=\dimen256
\lst@column=\count332
\lst@pos=\count333
\lst@lostspace=\dimen257
\lst@width=\dimen258
\lst@newlines=\count334
\lst@lineno=\count335
\lst@maxwidth=\dimen259

(/usr/local/texlive/2023/texmf-dist/tex/latex/listings/lstmisc.sty
File: lstmisc.sty 2023/02/27 1.9 (Carsten Heinz)
\c@lstnumber=\count336
\lst@skipnumbers=\count337
\lst@framebox=\box104
)
(/usr/local/texlive/2023/texmf-dist/tex/latex/listings/listings.cfg
File: listings.cfg 2023/02/27 1.9 listings configuration
))
Package: listings 2023/02/27 1.9 (Carsten Heinz)

(/usr/local/texlive/2023/texmf-dist/tex/latex/amsfonts/amsfonts.sty
Package: amsfonts 2013/01/14 v3.01 Basic AMSFonts support
\symAMSa=\mathgroup4
\symAMSb=\mathgroup5
LaTeX Font Info:    Redeclaring math symbol \hbar on input line 98.
LaTeX Font Info:    Overwriting math alphabet `\mathfrak' in version `bold'
(Font)                  U/euf/m/n --> U/euf/b/n on input line 106.
)
(/usr/local/texlive/2023/texmf-dist/tex/latex/amsfonts/amssymb.sty
Package: amssymb 2013/01/14 v3.01 AMS font symbols
)
(/usr/local/texlive/2023/texmf-dist/tex/latex/unicode-math/unicode-math.sty
Package: unicode-math 2020/01/31 v0.8q Unicode maths in XeLaTeX and LuaLaTeX

(/usr/local/texlive/2023/texmf-dist/tex/latex/unicode-math/unicode-math-xetex.s
ty
Package: unicode-math-xetex 2020/01/31 v0.8q Unicode maths in XeLaTeX and LuaLa
TeX
 (/usr/local/texlive/2023/texmf-dist/tex/latex/l3packages/xparse/xparse.sty
Package: xparse 2023-02-02 L3 Experimental document command parser
)
(/usr/local/texlive/2023/texmf-dist/tex/latex/fontspec/fontspec.sty
Package: fontspec 2022/01/15 v2.8a Font selection for XeLaTeX and LuaLaTeX

(/usr/local/texlive/2023/texmf-dist/tex/latex/fontspec/fontspec-xetex.sty
Package: fontspec-xetex 2022/01/15 v2.8a Font selection for XeLaTeX and LuaLaTe
X
\l__fontspec_script_int=\count338
\l__fontspec_language_int=\count339
\l__fontspec_strnum_int=\count340
\l__fontspec_tmp_int=\count341
\l__fontspec_tmpa_int=\count342
\l__fontspec_tmpb_int=\count343
\l__fontspec_tmpc_int=\count344
\l__fontspec_em_int=\count345
\l__fontspec_emdef_int=\count346
\l__fontspec_strong_int=\count347
\l__fontspec_strongdef_int=\count348
\l__fontspec_tmpa_dim=\dimen260
\l__fontspec_tmpb_dim=\dimen261
\l__fontspec_tmpc_dim=\dimen262

(/usr/local/texlive/2023/texmf-dist/tex/latex/base/fontenc.sty
Package: fontenc 2021/04/29 v2.0v Standard LaTeX package
)
(/usr/local/texlive/2023/texmf-dist/tex/latex/fontspec/fontspec.cfg)))
(/usr/local/texlive/2023/texmf-dist/tex/latex/base/fix-cm.sty
Package: fix-cm 2020/11/24 v1.1t fixes to LaTeX

(/usr/local/texlive/2023/texmf-dist/tex/latex/base/ts1enc.def
File: ts1enc.def 2001/06/05 v3.0e (jk/car/fm) Standard LaTeX file
LaTeX Font Info:    Redeclaring font encoding TS1 on input line 47.
))
\g__um_fam_int=\count349
\g__um_fonts_used_int=\count350
\l__um_primecount_int=\count351
\g__um_primekern_muskip=\muskip18

(/usr/local/texlive/2023/texmf-dist/tex/latex/unicode-math/unicode-math-table.t
ex)))

Package fontspec Info: Font family 'texgyrepagella-math.otf(0)' created for
(fontspec)             font 'texgyrepagella-math.otf' with options
(fontspec)             [BoldItalicFont={},ItalicFont={},SmallCapsFont={},Script
=Math].
(fontspec)              
(fontspec)              This font family consists of the following NFSS
(fontspec)             series/shapes:
(fontspec)              
(fontspec)             - 'normal' (m/n) with NFSS spec.:
(fontspec)             <->"[texgyrepagella-math.otf]/OT:script=math;language=df
lt;"
(fontspec)             - 'small caps'  (m/sc) with NFSS spec.: 


Package fontspec Info: Font family 'texgyrepagella-math.otf(1)' created for
(fontspec)             font 'texgyrepagella-math.otf' with options
(fontspec)             [BoldItalicFont={},ItalicFont={},SmallCapsFont={},Script
=Math,SizeFeatures={{Size=8.7-},{Size=6.45-8.7,Font=texgyrepagella-math.otf,Sty
le=MathScript},{Size=-6.45,Font=texgyrepagella-math.otf,Style=MathScriptScript}
}].
(fontspec)              
(fontspec)              This font family consists of the following NFSS
(fontspec)             series/shapes:
(fontspec)              
(fontspec)             - 'normal' (m/n) with NFSS spec.:
(fontspec)             <8.7->"[texgyrepagella-math.otf]/OT:script=math;language
=dflt;"<6.45-8.7>"[texgyrepagella-math.otf]/OT:script=math;language=dflt;+ssty=
0;"<-6.45>"[texgyrepagella-math.otf]/OT:script=math;language=dflt;+ssty=1;"
(fontspec)             - 'small caps'  (m/sc) with NFSS spec.: 

LaTeX Font Info:    Encoding `OT1' has changed to `TU' for symbol font
(Font)              `operators' in the math version `normal' on input line 51.
LaTeX Font Info:    Overwriting symbol font `operators' in version `normal'
(Font)                  OT1/cmr/m/n --> TU/texgyrepagella-math.otf(1)/m/n on in
put line 51.
LaTeX Font Info:    Encoding `OT1' has changed to `TU' for symbol font
(Font)              `operators' in the math version `bold' on input line 51.
LaTeX Font Info:    Overwriting symbol font `operators' in version `bold'
(Font)                  OT1/cmr/bx/n --> TU/texgyrepagella-math.otf(1)/b/n on i
nput line 51.

Package fontspec Info: texgyrepagella-math scale = 1.0001.


Package fontspec Info: texgyrepagella-math scale = 1.0001.


Package fontspec Info: texgyrepagella-math scale = 1.0001.


Package fontspec Info: texgyrepagella-math scale = 1.0001.


Package fontspec Info: Font family 'texgyrepagella-math.otf(2)' created for
(fontspec)             font 'texgyrepagella-math.otf' with options
(fontspec)             [BoldItalicFont={},ItalicFont={},SmallCapsFont={},Script
=Math,SizeFeatures={{Size=8.7-},{Size=6.45-8.7,Font=texgyrepagella-math.otf,Sty
le=MathScript},{Size=-6.45,Font=texgyrepagella-math.otf,Style=MathScriptScript}
},ScaleAgain=1.0001,FontAdjustment={\fontdimen
(fontspec)             8\font =7.2pt\relax \fontdimen 9\font =4.69pt\relax
(fontspec)             \fontdimen 10\font =4.69pt\relax \fontdimen 11\font
(fontspec)             =6.66pt\relax \fontdimen 12\font =3.11pt\relax
(fontspec)             \fontdimen 13\font =3.54pt\relax \fontdimen 14\font
(fontspec)             =3.54pt\relax \fontdimen 15\font =2.96pt\relax
(fontspec)             \fontdimen 16\font =2.32pt\relax \fontdimen 17\font
(fontspec)             =2.32pt\relax \fontdimen 18\font =2.32pt\relax
(fontspec)             \fontdimen 19\font =1.16pt\relax \fontdimen 22\font
(fontspec)             =2.5pt\relax \fontdimen 20\font =0pt\relax \fontdimen
(fontspec)             21\font =0pt\relax }].
(fontspec)              
(fontspec)              This font family consists of the following NFSS
(fontspec)             series/shapes:
(fontspec)              
(fontspec)             - 'normal' (m/n) with NFSS spec.:
(fontspec)             <8.7->s*[1.0001]"[texgyrepagella-math.otf]/OT:script=mat
h;language=dflt;"<6.45-8.7>s*[1.0001]"[texgyrepagella-math.otf]/OT:script=math;
language=dflt;+ssty=0;"<-6.45>s*[1.0001]"[texgyrepagella-math.otf]/OT:script=ma
th;language=dflt;+ssty=1;"
(fontspec)             - 'small caps'  (m/sc) with NFSS spec.: 
(fontspec)             and font adjustment code:
(fontspec)             \fontdimen 8\font =7.2pt\relax \fontdimen 9\font
(fontspec)             =4.69pt\relax \fontdimen 10\font =4.69pt\relax
(fontspec)             \fontdimen 11\font =6.66pt\relax \fontdimen 12\font
(fontspec)             =3.11pt\relax \fontdimen 13\font =3.54pt\relax
(fontspec)             \fontdimen 14\font =3.54pt\relax \fontdimen 15\font
(fontspec)             =2.96pt\relax \fontdimen 16\font =2.32pt\relax
(fontspec)             \fontdimen 17\font =2.32pt\relax \fontdimen 18\font
(fontspec)             =2.32pt\relax \fontdimen 19\font =1.16pt\relax
(fontspec)             \fontdimen 22\font =2.5pt\relax \fontdimen 20\font
(fontspec)             =0pt\relax \fontdimen 21\font =0pt\relax 

LaTeX Font Info:    Encoding `OMS' has changed to `TU' for symbol font
(Font)              `symbols' in the math version `normal' on input line 51.
LaTeX Font Info:    Overwriting symbol font `symbols' in version `normal'
(Font)                  OMS/cmsy/m/n --> TU/texgyrepagella-math.otf(2)/m/n on i
nput line 51.
LaTeX Font Info:    Encoding `OMS' has changed to `TU' for symbol font
(Font)              `symbols' in the math version `bold' on input line 51.
LaTeX Font Info:    Overwriting symbol font `symbols' in version `bold'
(Font)                  OMS/cmsy/b/n --> TU/texgyrepagella-math.otf(2)/b/n on i
nput line 51.

Package fontspec Info: texgyrepagella-math scale = 0.9999.


Package fontspec Info: texgyrepagella-math scale = 0.9999.


Package fontspec Info: texgyrepagella-math scale = 0.9999.


Package fontspec Info: texgyrepagella-math scale = 0.9999.


Package fontspec Info: Font family 'texgyrepagella-math.otf(3)' created for
(fontspec)             font 'texgyrepagella-math.otf' with options
(fontspec)             [BoldItalicFont={},ItalicFont={},SmallCapsFont={},Script
=Math,SizeFeatures={{Size=8.7-},{Size=6.45-8.7,Font=texgyrepagella-math.otf,Sty
le=MathScript},{Size=-6.45,Font=texgyrepagella-math.otf,Style=MathScriptScript}
},ScaleAgain=0.9999,FontAdjustment={\fontdimen
(fontspec)             8\font =0.6pt\relax \fontdimen 9\font =1.2pt\relax
(fontspec)             \fontdimen 10\font =1.2pt\relax \fontdimen 11\font
(fontspec)             =1.2pt\relax \fontdimen 12\font =4.68pt\relax
(fontspec)             \fontdimen 13\font =0pt\relax }].
(fontspec)              
(fontspec)              This font family consists of the following NFSS
(fontspec)             series/shapes:
(fontspec)              
(fontspec)             - 'normal' (m/n) with NFSS spec.:
(fontspec)             <8.7->s*[0.9999]"[texgyrepagella-math.otf]/OT:script=mat
h;language=dflt;"<6.45-8.7>s*[0.9999]"[texgyrepagella-math.otf]/OT:script=math;
language=dflt;+ssty=0;"<-6.45>s*[0.9999]"[texgyrepagella-math.otf]/OT:script=ma
th;language=dflt;+ssty=1;"
(fontspec)             - 'small caps'  (m/sc) with NFSS spec.: 
(fontspec)             and font adjustment code:
(fontspec)             \fontdimen 8\font =0.6pt\relax \fontdimen 9\font
(fontspec)             =1.2pt\relax \fontdimen 10\font =1.2pt\relax \fontdimen
(fontspec)             11\font =1.2pt\relax \fontdimen 12\font =4.68pt\relax
(fontspec)             \fontdimen 13\font =0pt\relax 

LaTeX Font Info:    Encoding `OMX' has changed to `TU' for symbol font
(Font)              `largesymbols' in the math version `normal' on input line 5
1.
LaTeX Font Info:    Overwriting symbol font `largesymbols' in version `normal'
(Font)                  OMX/cmex/m/n --> TU/texgyrepagella-math.otf(3)/m/n on i
nput line 51.
LaTeX Font Info:    Encoding `OMX' has changed to `TU' for symbol font
(Font)              `largesymbols' in the math version `bold' on input line 51.

LaTeX Font Info:    Overwriting symbol font `largesymbols' in version `bold'
(Font)                  OMX/cmex/m/n --> TU/texgyrepagella-math.otf(3)/b/n on i
nput line 51.

(./julia-mono-listings.sty
Package: julia-mono-listings 2022/07/20 v0.1.0 LaTeX listings style for Julia a
nd Unicode support for the JuliaMono font


./julia-mono-listings.sty:24: Package fontspec Error: The font "JuliaMono-Regul
ar" cannot be found.

For immediate help type H <return>.
 ...                                              
                                                  
l.24     Extension = .ttf]
                          

A font might not be found for many reasons.
 Check the spelling, where the font is installed etc. etc.

 When in doubt, ask someone for help!



./julia-mono-listings.sty:24: Package fontspec Error: The font "JuliaMono-Regul
ar" cannot be found.

For immediate help type H <return>.
 ...                                              
                                                  
l.24     Extension = .ttf]
                          

A font might not be found for many reasons.
 Check the spelling, where the font is installed etc. etc.

 When in doubt, ask someone for help!



./julia-mono-listings.sty:24: Package fontspec Error: The font "JuliaMono-Regul
ar" cannot be found.

For immediate help type H <return>.
 ...                                              
                                                  
l.24     Extension = .ttf]
                          

A font might not be found for many reasons.
 Check the spelling, where the font is installed etc. etc.

 When in doubt, ask someone for help!



./julia-mono-listings.sty:24: Package fontspec Error: The font "JuliaMono-Bold"
 cannot be found.

For immediate help type H <return>.
 ...                                              
                                                  
l.24     Extension = .ttf]
                          

A font might not be found for many reasons.
 Check the spelling, where the font is installed etc. etc.

 When in doubt, ask someone for help!



./julia-mono-listings.sty:24: Package fontspec Error: The font "JuliaMono-Bold"
 cannot be found.

For immediate help type H <return>.
 ...                                              
                                                  
l.24     Extension = .ttf]
                          

A font might not be found for many reasons.
 Check the spelling, where the font is installed etc. etc.

 When in doubt, ask someone for help!



Package fontspec Info: Font family 'JuliaMono(0)' created for font 'JuliaMono'
(fontspec)             with options [UprightFont = *-Regular,BoldFont =
(fontspec)             *-Bold,Path = ./,Extension = .ttf].
(fontspec)              
(fontspec)              This font family consists of the following NFSS
(fontspec)             series/shapes:
(fontspec)              
(fontspec)             - 'normal' (m/n) with NFSS spec.:
(fontspec)             <->"[./JuliaMono-Regular.ttf]/OT"
(fontspec)             - 'small caps'  (m/sc) with NFSS spec.:
(fontspec)             <->"[./JuliaMono-Regular.ttf]/OT"
(fontspec)             - 'bold' (b/n) with NFSS spec.:
(fontspec)             <->"[./JuliaMono-Bold.ttf]/OT"
(fontspec)             - 'bold small caps'  (b/sc) with NFSS spec.:
(fontspec)             <->"[./JuliaMono-Bold.ttf]/OT"


Package fontspec Info: Font family 'JuliaMono-Regular(0)' created for font
(fontspec)             'JuliaMono-Regular' with options
(fontspec)             [BoldFont={},ItalicFont={},SmallCapsFont={}].
(fontspec)              
(fontspec)              This font family consists of the following NFSS
(fontspec)             series/shapes:
(fontspec)              
(fontspec)             - 'normal' (m/n) with NFSS spec.:
(fontspec)             <->"JuliaMono-Regular/OT:script=latn;language=dflt;"
(fontspec)             - 'small caps'  (m/sc) with NFSS spec.: 


Package fontspec Info: Font family 'JuliaMono-Bold(0)' created for font
(fontspec)             'JuliaMono-Bold' with options
(fontspec)             [BoldFont={},ItalicFont={},SmallCapsFont={}].
(fontspec)              
(fontspec)              This font family consists of the following NFSS
(fontspec)             series/shapes:
(fontspec)              
(fontspec)             - 'normal' (m/n) with NFSS spec.:
(fontspec)             <->"JuliaMono-Bold/OT:script=latn;language=dflt;"
(fontspec)             - 'small caps'  (m/sc) with NFSS spec.: 


Package fontspec Info: Font family 'JuliaMono-Medium(0)' created for font
(fontspec)             'JuliaMono-Medium' with options
(fontspec)             [WordSpace={1,0,0},HyphenChar=None,PunctuationSpace=Word
Space,Contextuals=Alternate].
(fontspec)              
(fontspec)              This font family consists of the following NFSS
(fontspec)             series/shapes:
(fontspec)              
(fontspec)             - 'normal' (m/n) with NFSS spec.:
(fontspec)             <->"JuliaMono-Medium/OT:script=latn;language=dflt;+calt;
"
(fontspec)             - 'small caps'  (m/sc) with NFSS spec.:
(fontspec)             <->"JuliaMono-Medium/OT:script=latn;language=dflt;+calt;
+smcp;"
(fontspec)             and font adjustment code:
(fontspec)             \fontdimen 2\font =1\fontdimen 2\font \fontdimen 3\font
(fontspec)             =0\fontdimen 3\font \fontdimen 4\font =0\fontdimen
(fontspec)             4\font \fontdimen 7\font =0\fontdimen 2\font
(fontspec)             \tex_hyphenchar:D \font =-1\scan_stop: 
(fontspec)             - 'bold' (b/n) with NFSS spec.:
(fontspec)             <->"JuliaMono-Medium/B/OT:script=latn;language=dflt;+cal
t;"
(fontspec)             - 'bold small caps'  (b/sc) with NFSS spec.:
(fontspec)             <->"JuliaMono-Medium/B/OT:script=latn;language=dflt;+cal
t;+smcp;"
(fontspec)             and font adjustment code:
(fontspec)             \fontdimen 2\font =1\fontdimen 2\font \fontdimen 3\font
(fontspec)             =0\fontdimen 3\font \fontdimen 4\font =0\fontdimen
(fontspec)             4\font \fontdimen 7\font =0\fontdimen 2\font
(fontspec)             \tex_hyphenchar:D \font =-1\scan_stop: 
(fontspec)             - 'italic' (m/it) with NFSS spec.:
(fontspec)             <->"JuliaMono-Medium/I/OT:script=latn;language=dflt;+cal
t;"
(fontspec)             - 'italic small caps'  (m/scit) with NFSS spec.:
(fontspec)             <->"JuliaMono-Medium/I/OT:script=latn;language=dflt;+cal
t;+smcp;"
(fontspec)             and font adjustment code:
(fontspec)             \fontdimen 2\font =1\fontdimen 2\font \fontdimen 3\font
(fontspec)             =0\fontdimen 3\font \fontdimen 4\font =0\fontdimen
(fontspec)             4\font \fontdimen 7\font =0\fontdimen 2\font
(fontspec)             \tex_hyphenchar:D \font =-1\scan_stop: 
(fontspec)             - 'bold italic' (b/it) with NFSS spec.:
(fontspec)             <->"JuliaMono-Medium/BI/OT:script=latn;language=dflt;+ca
lt;"
(fontspec)             - 'bold italic small caps'  (b/scit) with NFSS spec.:
(fontspec)             <->"JuliaMono-Medium/BI/OT:script=latn;language=dflt;+ca
lt;+smcp;"
(fontspec)             and font adjustment code:
(fontspec)             \fontdimen 2\font =1\fontdimen 2\font \fontdimen 3\font
(fontspec)             =0\fontdimen 3\font \fontdimen 4\font =0\fontdimen
(fontspec)             4\font \fontdimen 7\font =0\fontdimen 2\font
(fontspec)             \tex_hyphenchar:D \font =-1\scan_stop: 


Package fontspec Info: Font family 'JuliaMono-Medium(1)' created for font
(fontspec)             'JuliaMono-Medium' with options
(fontspec)             [Contextuals=Alternate].
(fontspec)              
(fontspec)              This font family consists of the following NFSS
(fontspec)             series/shapes:
(fontspec)              
(fontspec)             - 'normal' (m/n) with NFSS spec.:
(fontspec)             <->"JuliaMono-Medium/OT:script=latn;language=dflt;+calt;
"
(fontspec)             - 'small caps'  (m/sc) with NFSS spec.:
(fontspec)             <->"JuliaMono-Medium/OT:script=latn;language=dflt;+calt;
+smcp;"
(fontspec)             - 'bold' (b/n) with NFSS spec.:
(fontspec)             <->"JuliaMono-Medium/B/OT:script=latn;language=dflt;+cal
t;"
(fontspec)             - 'bold small caps'  (b/sc) with NFSS spec.:
(fontspec)             <->"JuliaMono-Medium/B/OT:script=latn;language=dflt;+cal
t;+smcp;"
(fontspec)             - 'italic' (m/it) with NFSS spec.:
(fontspec)             <->"JuliaMono-Medium/I/OT:script=latn;language=dflt;+cal
t;"
(fontspec)             - 'italic small caps'  (m/scit) with NFSS spec.:
(fontspec)             <->"JuliaMono-Medium/I/OT:script=latn;language=dflt;+cal
t;+smcp;"
(fontspec)             - 'bold italic' (b/it) with NFSS spec.:
(fontspec)             <->"JuliaMono-Medium/BI/OT:script=latn;language=dflt;+ca
lt;"
(fontspec)             - 'bold italic small caps'  (b/scit) with NFSS spec.:
(fontspec)             <->"JuliaMono-Medium/BI/OT:script=latn;language=dflt;+ca
lt;+smcp;"

LaTeX Font Info:    Overwriting math alphabet `\mathtt' in version `normal'
(Font)                  OT1/cmtt/m/n --> TU/JuliaMono-Medium(1)/m/n on input li
ne 27.
LaTeX Font Info:    Overwriting math alphabet `\mathtt' in version `bold'
(Font)                  OT1/cmtt/m/n --> TU/JuliaMono-Medium(1)/bx/n on input l
ine 27.
./julia-mono-listings.sty:3359: Illegal parameter number in definition of \lsts
ty@julia$.
<to be read again> 
                   ,
l.3359 }
        
You meant to type ## instead of #, right?
Or maybe a } was forgotten somewhere earlier, and things
are all screwed up? I'm going to assume that you meant ##.

./julia-mono-listings.sty:3359: Illegal parameter number in definition of \lsts
ty@julia$.
<to be read again> 
                   n
l.3359 }
        
You meant to type ## instead of #, right?
Or maybe a } was forgotten somewhere earlier, and things
are all screwed up? I'm going to assume that you meant ##.

)
Package Listings Info: Made | a short reference for \lstinline on input line 58
.


./plasmbook.tex:68: LaTeX Error: Command \theorem already defined.
               Or name \end... illegal, see p.192 of the manual.

See the LaTeX manual or LaTeX Companion for explanation.
Type  H <return>  for immediate help.
 ...                                              
                                                  
l.68   \newtheorem{theorem}
                           {Theorem}[section]
Your command was ignored.
Type  I <command> <return>  to replace it with another command,
or  <return>  to continue without it.


./plasmbook.tex:69: LaTeX Error: Command \lemma already defined.
               Or name \end... illegal, see p.192 of the manual.

See the LaTeX manual or LaTeX Companion for explanation.
Type  H <return>  for immediate help.
 ...                                              
                                                  
l.69   \newtheorem{lemma}
                         [theorem]{Lemma}
Your command was ignored.
Type  I <command> <return>  to replace it with another command,
or  <return>  to continue without it.


./plasmbook.tex:70: LaTeX Error: Command \proposition already defined.
               Or name \end... illegal, see p.192 of the manual.

See the LaTeX manual or LaTeX Companion for explanation.
Type  H <return>  for immediate help.
 ...                                              
                                                  
l.70   \newtheorem{proposition}
                               [theorem]{Proposition}
Your command was ignored.
Type  I <command> <return>  to replace it with another command,
or  <return>  to continue without it.


./plasmbook.tex:71: LaTeX Error: Command \corollary already defined.
               Or name \end... illegal, see p.192 of the manual.

See the LaTeX manual or LaTeX Companion for explanation.
Type  H <return>  for immediate help.
 ...                                              
                                                  
l.71   \newtheorem*{corollary}
                              {Corollary}
Your command was ignored.
Type  I <command> <return>  to replace it with another command,
or  <return>  to continue without it.


LaTeX Warning: Unknown theoremstyle `definition'. Using `plain' on input line 7
3.


./plasmbook.tex:74: LaTeX Error: Command \definition already defined.
               Or name \end... illegal, see p.192 of the manual.

See the LaTeX manual or LaTeX Companion for explanation.
Type  H <return>  for immediate help.
 ...                                              
                                                  
l.74   \newtheorem{definition}
                              {\S }[section]
Your command was ignored.
Type  I <command> <return>  to replace it with another command,
or  <return>  to continue without it.

\c@currconditionctr=\count352
\c@endconditionctr=\count353
\c@condition=\count354

./plasmbook.tex:76: LaTeX Error: Command \problem already defined.
               Or name \end... illegal, see p.192 of the manual.

See the LaTeX manual or LaTeX Companion for explanation.
Type  H <return>  for immediate help.
 ...                                              
                                                  
l.76   \newtheorem{problem}
                           {Problem}[section]
Your command was ignored.
Type  I <command> <return>  to replace it with another command,
or  <return>  to continue without it.

\c@currcodingctr=\count355
\c@endcodingctr=\count356
\c@coding=\count357

./plasmbook.tex:78: LaTeX Error: Command \example already defined.
               Or name \end... illegal, see p.192 of the manual.

See the LaTeX manual or LaTeX Companion for explanation.
Type  H <return>  for immediate help.
 ...                                              
                                                  
l.78   \newtheorem{example}
                           {Example}[section]
Your command was ignored.
Type  I <command> <return>  to replace it with another command,
or  <return>  to continue without it.

\@indexfile=\write4
\openout4 = `plasmbook.idx'.

Writing index file plasmbook.idx
(./plasmbook.aux (./dedication.aux) (./foreword.aux) (./preface.aux)
(./acknowledgement.aux) (./part-I.aux) (./chapter-01/01.aux

LaTeX Warning: Label `sect:1-1' multiply defined.


LaTeX Warning: Label `subsec:2:style' multiply defined.


LaTeX Warning: Label `subsec:2:style' multiply defined.

) (./chapter-02/02.aux

LaTeX Warning: Label `fig:1:FP' multiply defined.


LaTeX Warning: Label `julia:parallel:data-parallelism' multiply defined.


LaTeX Warning: Label `Arnold:2018' multiply defined.


LaTeX Warning: Label `Aubanel:2016' multiply defined.


LaTeX Warning: Label `10.1145/359576.359579' multiply defined.


LaTeX Warning: Label `BWW90' multiply defined.


LaTeX Warning: Label `IBM:RJ7100' multiply defined.


LaTeX Warning: Label `BEKS14' multiply defined.


LaTeX Warning: Label `OhMyREPL:jl' multiply defined.


LaTeX Warning: Label `coosparse' multiply defined.


LaTeX Warning: Label `10.5555/1614191' multiply defined.


LaTeX Warning: Label `JuliaGPU' multiply defined.


LaTeX Warning: Label `Edelsbrunner:95' multiply defined.


LaTeX Warning: Label `ieee-tase' multiply defined.


LaTeX Warning: Label `DBLP:journals/cad/DiCarloPS14' multiply defined.


LaTeX Warning: Label `Dicarlo:2014:TNL:2543138.2543294' multiply defined.


LaTeX Warning: Label `10.1145/164360.164376' multiply defined.


LaTeX Warning: Label `10.1016/0010-4485(91)90080-G' multiply defined.


LaTeX Warning: Label `hatcher:2002' multiply defined.


LaTeX Warning: Label `julia:iterate' multiply defined.


LaTeX Warning: Label `julia:DistributedComputing' multiply defined.


LaTeX Warning: Label `julia:linearalgebra' multiply defined.


LaTeX Warning: Label `julia:factorize' multiply defined.


LaTeX Warning: Label `julia:metaprogramming' multiply defined.


LaTeX Warning: Label `julia:modules' multiply defined.


LaTeX Warning: Label `julia:multithreading' multiply defined.


LaTeX Warning: Label `julia:ParallelComputing' multiply defined.


LaTeX Warning: Label `julia:parallel:task' multiply defined.


LaTeX Warning: Label `julia:SparseArrays' multiply defined.


LaTeX Warning: Label `julia:types' multiply defined.


LaTeX Warning: Label `julia:package:develop' multiply defined.


LaTeX Warning: Label `JuliaGPU:gentle' multiply defined.


LaTeX Warning: Label `julia4data' multiply defined.


LaTeX Warning: Label `10.1093.27.2.97' multiply defined.


LaTeX Warning: Label `Knuth:92' multiply defined.


LaTeX Warning: Label `typestable:21' multiply defined.


LaTeX Warning: Label `Paoluzzi2003a' multiply defined.


LaTeX Warning: Label `Paoluzzi:1995:GPP:212332.212349' multiply defined.


LaTeX Warning: Label `dia-report:2009' multiply defined.


LaTeX Warning: Label `TSAS:2020' multiply defined.


LaTeX Warning: Label `PAOLUZZI2023103436' multiply defined.


LaTeX Warning: Label `wiki:pao:100' multiply defined.


LaTeX Warning: Label `Wolfram:algebra:StandardBasis' multiply defined.


LaTeX Warning: Label `Wolfram' multiply defined.


LaTeX Warning: Label `pyplasm:2018' multiply defined.


LaTeX Warning: Label `plasm:2023' multiply defined.


LaTeX Warning: Label `juliaset' multiply defined.


LaTeX Warning: Label `repl:Whitaker:2024' multiply defined.


LaTeX Warning: Label `Whitney:1957' multiply defined.


LaTeX Warning: Label `wiki:dict:sets' multiply defined.


LaTeX Warning: Label `10.1145/73560.73575' multiply defined.

) (./chapter-03/03.aux

LaTeX Warning: Label `subsec:2:style' multiply defined.


LaTeX Warning: Label `subsec:2:style' multiply defined.


LaTeX Warning: Label `sec:ccccccc' multiply defined.


LaTeX Warning: Label `subsec:2:style' multiply defined.


LaTeX Warning: Label `sec:ccccccc' multiply defined.


LaTeX Warning: Label `sect:3-2-1' multiply defined.


LaTeX Warning: Label `subsec:2:style' multiply defined.

) (./part-II.aux) (./chapter-04/04.aux

LaTeX Warning: Label `sect:4-2-1' multiply defined.


LaTeX Warning: Label `sect:4-3-4-1' multiply defined.


LaTeX Warning: Label `sect:4-5-1' multiply defined.

) (./chapter-05/05.aux

LaTeX Warning: Label `sect:5-1-1' multiply defined.


LaTeX Warning: Label `fig:example' multiply defined.


LaTeX Warning: Label `fig:example' multiply defined.


LaTeX Warning: Label `sect:5-1-1' multiply defined.

) (./chapter-06/06.aux) (./chapter-07/07.aux) (./chapter-08/08.aux)
(./part-III.aux) (./chapter-09/09.aux) (./chapter-10/10.aux) (./part-IV.aux)
(./chapter-11/11.aux)

LaTeX Warning: Label `julia:parallel:data-parallelism' multiply defined.


LaTeX Warning: Label `Arnold:2018' multiply defined.


LaTeX Warning: Label `Aubanel:2016' multiply defined.


LaTeX Warning: Label `10.1145/359576.359579' multiply defined.


LaTeX Warning: Label `BWW90' multiply defined.


LaTeX Warning: Label `IBM:RJ7100' multiply defined.


LaTeX Warning: Label `BEKS14' multiply defined.


LaTeX Warning: Label `OhMyREPL:jl' multiply defined.


LaTeX Warning: Label `coosparse' multiply defined.


LaTeX Warning: Label `10.5555/1614191' multiply defined.


LaTeX Warning: Label `JuliaGPU' multiply defined.


LaTeX Warning: Label `Edelsbrunner:95' multiply defined.


LaTeX Warning: Label `ieee-tase' multiply defined.


LaTeX Warning: Label `DBLP:journals/cad/DiCarloPS14' multiply defined.


LaTeX Warning: Label `Dicarlo:2014:TNL:2543138.2543294' multiply defined.


LaTeX Warning: Label `10.1145/164360.164376' multiply defined.


LaTeX Warning: Label `10.1016/0010-4485(91)90080-G' multiply defined.


LaTeX Warning: Label `hatcher:2002' multiply defined.


LaTeX Warning: Label `julia:iterate' multiply defined.


LaTeX Warning: Label `julia:DistributedComputing' multiply defined.


LaTeX Warning: Label `julia:linearalgebra' multiply defined.


LaTeX Warning: Label `julia:factorize' multiply defined.


LaTeX Warning: Label `julia:metaprogramming' multiply defined.


LaTeX Warning: Label `julia:modules' multiply defined.


LaTeX Warning: Label `julia:multithreading' multiply defined.


LaTeX Warning: Label `julia:ParallelComputing' multiply defined.


LaTeX Warning: Label `julia:parallel:task' multiply defined.


LaTeX Warning: Label `julia:SparseArrays' multiply defined.


LaTeX Warning: Label `julia:types' multiply defined.


LaTeX Warning: Label `julia:package:develop' multiply defined.


LaTeX Warning: Label `JuliaGPU:gentle' multiply defined.


LaTeX Warning: Label `julia4data' multiply defined.


LaTeX Warning: Label `10.1093.27.2.97' multiply defined.


LaTeX Warning: Label `Knuth:92' multiply defined.


LaTeX Warning: Label `typestable:21' multiply defined.


LaTeX Warning: Label `Paoluzzi2003a' multiply defined.


LaTeX Warning: Label `Paoluzzi:1995:GPP:212332.212349' multiply defined.


LaTeX Warning: Label `dia-report:2009' multiply defined.


LaTeX Warning: Label `TSAS:2020' multiply defined.


LaTeX Warning: Label `PAOLUZZI2023103436' multiply defined.


LaTeX Warning: Label `wiki:pao:100' multiply defined.


LaTeX Warning: Label `Wolfram:algebra:StandardBasis' multiply defined.


LaTeX Warning: Label `Wolfram' multiply defined.


LaTeX Warning: Label `pyplasm:2018' multiply defined.


LaTeX Warning: Label `plasm:2023' multiply defined.


LaTeX Warning: Label `juliaset' multiply defined.


LaTeX Warning: Label `repl:Whitaker:2024' multiply defined.


LaTeX Warning: Label `Whitney:1957' multiply defined.


LaTeX Warning: Label `wiki:dict:sets' multiply defined.


LaTeX Warning: Label `10.1145/73560.73575' multiply defined.

(./appendix/appendix.aux) (./glossary.aux) (./solutions.aux))
\openout1 = `plasmbook.aux'.

LaTeX Font Info:    Checking defaults for OML/cmm/m/it on input line 110.
LaTeX Font Info:    ... okay on input line 110.
LaTeX Font Info:    Checking defaults for OMS/cmsy/m/n on input line 110.
LaTeX Font Info:    ... okay on input line 110.
LaTeX Font Info:    Checking defaults for OT1/cmr/m/n on input line 110.
LaTeX Font Info:    ... okay on input line 110.
LaTeX Font Info:    Checking defaults for T1/cmr/m/n on input line 110.
LaTeX Font Info:    ... okay on input line 110.
LaTeX Font Info:    Checking defaults for TS1/cmr/m/n on input line 110.
LaTeX Font Info:    ... okay on input line 110.
LaTeX Font Info:    Checking defaults for TU/lmr/m/n on input line 110.
LaTeX Font Info:    ... okay on input line 110.
LaTeX Font Info:    Checking defaults for OMX/cmex/m/n on input line 110.
LaTeX Font Info:    ... okay on input line 110.
LaTeX Font Info:    Checking defaults for U/cmr/m/n on input line 110.
LaTeX Font Info:    ... okay on input line 110.
LaTeX Font Info:    Checking defaults for PD1/pdf/m/n on input line 110.
LaTeX Font Info:    ... okay on input line 110.
LaTeX Font Info:    Checking defaults for PU/pdf/m/n on input line 110.
LaTeX Font Info:    ... okay on input line 110.
Package hyperref Info: Link coloring OFF on input line 110.
 (./plasmbook.out) (./plasmbook.out)
\@outlinefile=\write5
\openout5 = `plasmbook.out'.

\c@lstlisting=\count358
LaTeX Font Info:    Overwriting math alphabet `\mathrm' in version `normal'
(Font)                  TU/texgyrepagella-math.otf(1)/m/n --> TU/lmr/m/n on inp
ut line 110.
LaTeX Font Info:    Overwriting math alphabet `\mathit' in version `normal'
(Font)                  OT1/cmr/m/it --> TU/lmr/m/it on input line 110.
LaTeX Font Info:    Overwriting math alphabet `\mathbf' in version `normal'
(Font)                  OT1/cmr/bx/n --> TU/lmr/bx/n on input line 110.
LaTeX Font Info:    Overwriting math alphabet `\mathsf' in version `normal'
(Font)                  OT1/cmss/m/n --> TU/lmss/m/n on input line 110.
LaTeX Font Info:    Overwriting math alphabet `\mathsf' in version `bold'
(Font)                  OT1/cmss/bx/n --> TU/lmss/bx/n on input line 110.
 [1

] (./macros.tex

./macros.tex:65: LaTeX Error: Command \definition already defined.
               Or name \end... illegal, see p.192 of the manual.

See the LaTeX manual or LaTeX Companion for explanation.
Type  H <return>  for immediate help.
 ...                                              
                                                  
l.65 \newtheorem{definition}
                            {Definition}[section]
Your command was ignored.
Type  I <command> <return>  to replace it with another command,
or  <return>  to continue without it.

\c@currNotectr=\count359
\c@endNotectr=\count360
\c@Note=\count361
\c@currrrulectr=\count362
\c@endrrulectr=\count363
\c@rrule=\count364

./macros.tex:68: LaTeX Error: Command \lemma already defined.
               Or name \end... illegal, see p.192 of the manual.

See the LaTeX manual or LaTeX Companion for explanation.
Type  H <return>  for immediate help.
 ...                                              
                                                  
l.68 \newtheorem{lemma}
                       {Lemma}[section]
Your command was ignored.
Type  I <command> <return>  to replace it with another command,
or  <return>  to continue without it.


./macros.tex:69: LaTeX Error: Command \theorem already defined.
               Or name \end... illegal, see p.192 of the manual.

See the LaTeX manual or LaTeX Companion for explanation.
Type  H <return>  for immediate help.
 ...                                              
                                                  
l.69 \newtheorem{theorem}
                         {Theorem}[section]
Your command was ignored.
Type  I <command> <return>  to replace it with another command,
or  <return>  to continue without it.


./macros.tex:70: LaTeX Error: Command \corollary already defined.
               Or name \end... illegal, see p.192 of the manual.

See the LaTeX manual or LaTeX Companion for explanation.
Type  H <return>  for immediate help.
 ...                                              
                                                  
l.70 \newtheorem{corollary}
                           {Corollary}[section]
Your command was ignored.
Type  I <command> <return>  to replace it with another command,
or  <return>  to continue without it.


./macros.tex:74: LaTeX Error: Command \example already defined.
               Or name \end... illegal, see p.192 of the manual.

See the LaTeX manual or LaTeX Companion for explanation.
Type  H <return>  for immediate help.
 ...                                              
                                                  
l.74 \newtheorem{example}
                         {Example}[section]
Your command was ignored.
Type  I <command> <return>  to replace it with another command,
or  <return>  to continue without it.

\c@currplistctr=\count365
\c@endplistctr=\count366
\c@plist=\count367

./macros.tex:84: LaTeX Error: Command \closure already defined.
               Or name \end... illegal, see p.192 of the manual.

See the LaTeX manual or LaTeX Companion for explanation.
Type  H <return>  for immediate help.
 ...                                              
                                                  
l.84 \newcommand{\closure}[0]{\mbox{\rm clos}\,}
                                                
Your command was ignored.
Type  I <command> <return>  to replace it with another command,
or  <return>  to continue without it.


./macros.tex:93: LaTeX Error: Command \complement already defined.
               Or name \end... illegal, see p.192 of the manual.

See the LaTeX manual or LaTeX Companion for explanation.
Type  H <return>  for immediate help.
 ...                                              
                                                  
l.93 ...d{\complement}[0]{\mbox{\rm complement}\,}
                                                  
Your command was ignored.
Type  I <command> <return>  to replace it with another command,
or  <return>  to continue without it.


./macros.tex:129: LaTeX Error: Command \note already defined.
               Or name \end... illegal, see p.192 of the manual.

See the LaTeX manual or LaTeX Companion for explanation.
Type  H <return>  for immediate help.
 ...                                              
                                                  
l.129 ...e}[1]{\typeout{--------Note: #1}{\sc #1}}
                                                  
Your command was ignored.
Type  I <command> <return>  to replace it with another command,
or  <return>  to continue without it.

\myheight=\skip70
\mydepth=\skip71

Overfull \hbox (39.29282pt too wide) in paragraph at lines 260--262
[] 
 []

./macros.tex:262: Illegal parameter number in definition of \GetTitleStringResu
lt.
<to be read again> 
                   1
l.262 \begin{description} \item[{\tt ~#1}]
                                           {\small #3}\end{description}
You meant to type ## instead of #, right?
Or maybe a } was forgotten somewhere earlier, and things
are all screwed up? I'm going to assume that you meant ##.

./macros.tex:262: Illegal parameter number in definition of \GTS@GlobalString.
<to be read again> 
                   1
l.262 \begin{description} \item[{\tt ~#1}]
                                           {\small #3}\end{description}
You meant to type ## instead of #, right?
Or maybe a } was forgotten somewhere earlier, and things
are all screwed up? I'm going to assume that you meant ##.

./macros.tex:262: You can't use `macro parameter character #' in restricted hor
izontal mode.
<argument> \tt ~##
                  1
l.262 \begin{description} \item[{\tt ~#1}]
                                           {\small #3}\end{description}
Sorry, but I'm not programmed to handle this case;
I'll just pretend that you didn't ask for it.
If you're in the wrong mode, you might be able to
return to the right one by typing `I}' or `I$' or `I\par'.

./macros.tex:262: You can't use `macro parameter character #' in vertical mode.
l.262 ...n{description} \item[{\tt ~#1}] {\small #
                                                  3}\end{description}
Sorry, but I'm not programmed to handle this case;
I'll just pretend that you didn't ask for it.
If you're in the wrong mode, you might be able to
return to the right one by typing `I}' or `I$' or `I\par'.

LaTeX Font Info:    Font shape `TU/texgyrepagella-math.otf(2)/m/n' will be
(Font)              scaled to size 10.00107pt on input line 264.
LaTeX Font Info:    Font shape `TU/texgyrepagella-math.otf(2)/m/n' will be
(Font)              scaled to size 7.40077pt on input line 264.
LaTeX Font Info:    Font shape `TU/texgyrepagella-math.otf(2)/m/n' will be
(Font)              scaled to size 5.50058pt on input line 264.
LaTeX Font Info:    Font shape `TU/texgyrepagella-math.otf(3)/m/n' will be
(Font)              scaled to size 9.99893pt on input line 264.
LaTeX Font Info:    Font shape `TU/texgyrepagella-math.otf(3)/m/n' will be
(Font)              scaled to size 7.3992pt on input line 264.
LaTeX Font Info:    Font shape `TU/texgyrepagella-math.otf(3)/m/n' will be
(Font)              scaled to size 5.4994pt on input line 264.
./macros.tex:265: Illegal parameter number in definition of \@gtempa.
<to be read again> 
                   4
l.265 \ifthenelse{\equal{#4}{}}
                               {}{{\small \hspace{-0.3mm}Pre/Post conds}&{\s...
You meant to type ## instead of #, right?
Or maybe a } was forgotten somewhere earlier, and things
are all screwed up? I'm going to assume that you meant ##.

./macros.tex:265: Illegal parameter number in definition of \@tempa.
<to be read again> 
                   4
l.265 \ifthenelse{\equal{#4}{}}
                               {}{{\small \hspace{-0.3mm}Pre/Post conds}&{\s...
You meant to type ## instead of #, right?
Or maybe a } was forgotten somewhere earlier, and things
are all screwed up? I'm going to assume that you meant ##.

./macros.tex:265: Illegal parameter number in definition of \reserved@b.
<to be read again> 
                   }
l.265 ...3mm}Pre/Post conds}&{\small \texttt{#4}}}
                                                  
You meant to type ## instead of #, right?
Or maybe a } was forgotten somewhere earlier, and things
are all screwed up? I'm going to assume that you meant ##.

./macros.tex:265: You can't use `macro parameter character #' in horizontal mod
e.
<recently read> ##
                  
l.265 ...3mm}Pre/Post conds}&{\small \texttt{#4}}}
                                                  
Sorry, but I'm not programmed to handle this case;
I'll just pretend that you didn't ask for it.
If you're in the wrong mode, you might be able to
return to the right one by typing `I}' or `I$' or `I\par'.

./macros.tex:266: Illegal parameter number in definition of \@gtempa.
<to be read again> 
                   5
l.266 \ifthenelse{\equal{#5}{}}
                               {}{{${} \rightarrow {}$}{\small \texttt{#5}}\\}
You meant to type ## instead of #, right?
Or maybe a } was forgotten somewhere earlier, and things
are all screwed up? I'm going to assume that you meant ##.

./macros.tex:266: Illegal parameter number in definition of \@tempa.
<to be read again> 
                   5
l.266 \ifthenelse{\equal{#5}{}}
                               {}{{${} \rightarrow {}$}{\small \texttt{#5}}\\}
You meant to type ## instead of #, right?
Or maybe a } was forgotten somewhere earlier, and things
are all screwed up? I'm going to assume that you meant ##.

./macros.tex:266: Illegal parameter number in definition of \reserved@b.
<to be read again> 
                   }
l.266 ...} \rightarrow {}$}{\small \texttt{#5}}\\}
                                                  
You meant to type ## instead of #, right?
Or maybe a } was forgotten somewhere earlier, and things
are all screwed up? I'm going to assume that you meant ##.

./macros.tex:266: You can't use `macro parameter character #' in horizontal mod
e.
<recently read> ##
                  
l.266 ...} \rightarrow {}$}{\small \texttt{#5}}\\}
                                                  
Sorry, but I'm not programmed to handle this case;
I'll just pretend that you didn't ask for it.
If you're in the wrong mode, you might be able to
return to the right one by typing `I}' or `I$' or `I\par'.

./macros.tex:267: Illegal parameter number in definition of \@gtempa.
<to be read again> 
                   6
l.267 \ifthenelse{\equal{#6}{}}
                               {}{ {\small \hspace{-1.4mm}Example}&{\small \...
You meant to type ## instead of #, right?
Or maybe a } was forgotten somewhere earlier, and things
are all screwed up? I'm going to assume that you meant ##.

./macros.tex:267: Illegal parameter number in definition of \@tempa.
<to be read again> 
                   6
l.267 \ifthenelse{\equal{#6}{}}
                               {}{ {\small \hspace{-1.4mm}Example}&{\small \...
You meant to type ## instead of #, right?
Or maybe a } was forgotten somewhere earlier, and things
are all screwed up? I'm going to assume that you meant ##.

./macros.tex:267: Illegal parameter number in definition of \reserved@b.
<to be read again> 
                   }
l.267 ...ace{-1.4mm}Example}&{\small \texttt{#6}}}
                                                  
You meant to type ## instead of #, right?
Or maybe a } was forgotten somewhere earlier, and things
are all screwed up? I'm going to assume that you meant ##.

./macros.tex:267: You can't use `macro parameter character #' in horizontal mod
e.
<recently read> ##
                  
l.267 ...ace{-1.4mm}Example}&{\small \texttt{#6}}}
                                                  
Sorry, but I'm not programmed to handle this case;
I'll just pretend that you didn't ask for it.
If you're in the wrong mode, you might be able to
return to the right one by typing `I}' or `I$' or `I\par'.

./macros.tex:268: Too many }'s.
l.268 \end{tabular}}
                    
You've closed more groups than you opened.
Such booboos are generally harmless, so keep going.


Overfull \hbox (34.61998pt too wide) in paragraph at lines 264--269
[] 
 []


./macros.tex:298: LaTeX Error: Can be used only in preamble.

See the LaTeX manual or LaTeX Companion for explanation.
Type  H <return>  for immediate help.
 ...                                              
                                                  
l.298 \makeindex
                
Your command was ignored.
Type  I <command> <return>  to replace it with another command,
or  <return>  to continue without it.

) [2] (./plasmbook.toc [5








] [6])
\tf@toc=\write6
\openout6 = `plasmbook.toc'.

 [7] [8


]
\openout2 = `chapter-05/05.aux'.

 (./chapter-05/05.tex
Chapter 5.

./chapter-05/05.tex:12: Package keyval Error: ##numbers undefined.

See the keyval package documentation for explanation.
Type  H <return>  for immediate help.
 ...                                              
                                                  
l.12 ...d mesh generators, resulting in a single |
                                                  Hpc| value after the evalu...

Try typing  <return>  to proceed.
If that doesn't work, type  X <return>  to quit.


LaTeX Warning: Reference `' on page 123 undefined on input line 17.


./chapter-05/05.tex:17: Package keyval Error: ##numbers undefined.

See the keyval package documentation for explanation.
Type  H <return>  for immediate help.
 ...                                              
                                                  
l.17 ...ve already seen in Section \ref{}, Julia |
                                                  Plasm| is higher-level sin...

Try typing  <return>  to proceed.
If that doesn't work, type  X <return>  to quit.


./chapter-05/05.tex:17: Package keyval Error: ##numbers undefined.

See the keyval package documentation for explanation.
Type  H <return>  for immediate help.
 ...                                              
                                                  
l.17 ...lue.  All functions are objects of Julia |
                                                  Function| type. As objects...

Try typing  <return>  to proceed.
If that doesn't work, type  X <return>  to quit.


./chapter-05/05.tex:19: Package keyval Error: ##numbers undefined.

See the keyval package documentation for explanation.
Type  H <return>  for immediate help.
 ...                                              
                                                  
l.19 ... order] The \emph{order} of an object of |
                                                  Function| type is the numb...

Try typing  <return>  to proceed.
If that doesn't work, type  X <return>  to quit.

Package hyperref Info: bookmark level for unknown coding defaults to 0 on input
 line 22.

./chapter-05/05.tex:22: Package keyval Error: ##numbers undefined.

See the keyval package documentation for explanation.
Type  H <return>  for immediate help.
 ...                                              
                                                  
l.22 ...ons) that generates a 1D complex made by |
                                                  n| line segments of total ...

Try typing  <return>  to proceed.
If that doesn't work, type  X <return>  to quit.


./chapter-05/05.tex:22: Package keyval Error: ##numbers undefined.

See the keyval package documentation for explanation.
Type  H <return>  for immediate help.
 ...                                              
                                                  
l.22 ...made by |n| line segments of total given |
                                                  size| length.
Try typing  <return>  to proceed.
If that doesn't work, type  X <return>  to quit.


./chapter-05/05.tex:23: Package keyval Error: ##numbers undefined.

See the keyval package documentation for explanation.
Type  H <return>  for immediate help.
 ...                                              
                                                  
l.23 ...=JuliaLocal, style=julia, mathescape=true]
                                                  
Try typing  <return>  to proceed.
If that doesn't work, type  X <return>  to quit.

[123









]

./chapter-05/05.tex:27: Package keyval Error: ##numbers undefined.

See the keyval package documentation for explanation.
Type  H <return>  for immediate help.
 ...                                              
                                                  
l.27 Note that |
                segments| value is 1D since its 11 vertices have one coordin...

Try typing  <return>  to proceed.
If that doesn't work, type  X <return>  to quit.


./chapter-05/05.tex:33: Package keyval Error: ##numbers undefined.

See the keyval package documentation for explanation.
Type  H <return>  for immediate help.
 ...                                              
                                                  
l.33 ...=JuliaLocal, style=julia, mathescape=true]
                                                  
Try typing  <return>  to proceed.
If that doesn't work, type  X <return>  to quit.


./chapter-05/05.tex:42: Package keyval Error: ##numbers undefined.

See the keyval package documentation for explanation.
Type  H <return>  for immediate help.
 ...                                              
                                                  
l.42 ...=JuliaLocal, style=julia, mathescape=true]
                                                  
Try typing  <return>  to proceed.
If that doesn't work, type  X <return>  to quit.


./chapter-05/05.tex:46: Package keyval Error: ##numbers undefined.

See the keyval package documentation for explanation.
Type  H <return>  for immediate help.
 ...                                              
                                                  
l.46 A single |
               segment| of given size.
Try typing  <return>  to proceed.
If that doesn't work, type  X <return>  to quit.


./chapter-05/05.tex:52: Package keyval Error: ##numbers undefined.

See the keyval package documentation for explanation.
Type  H <return>  for immediate help.
 ...                                              
                                                  
l.52 Julia |
            Plasm| contains a great library of generator functions of very s...

Try typing  <return>  to proceed.
If that doesn't work, type  X <return>  to quit.


./chapter-05/05.tex:53: Package keyval Error: ##numbers undefined.

See the keyval package documentation for explanation.
Type  H <return>  for immediate help.
 ...                                              
                                                  
l.53 ...or generated by the user looking at file |
                                                  src/fenvs.jl|, including t...

Try typing  <return>  to proceed.
If that doesn't work, type  X <return>  to quit.


LaTeX Warning: Reference `4-2-permutahedron' on page 124 undefined on input lin
e 53.


./chapter-05/05.tex:56: Package keyval Error: ##numbers undefined.

See the keyval package documentation for explanation.
Type  H <return>  for immediate help.
 ...                                              
                                                  
l.56 Multidimensional cuboid with |
                                   sizes::Vector{Number}|.
Try typing  <return>  to proceed.
If that doesn't work, type  X <return>  to quit.


./chapter-05/05.tex:57: Package keyval Error: ##numbers undefined.

See the keyval package documentation for explanation.
Type  H <return>  for immediate help.
 ...                                              
                                                  
l.57 ...=JuliaLocal, style=julia, mathescape=true]
                                                  
Try typing  <return>  to proceed.
If that doesn't work, type  X <return>  to quit.

[124]

./chapter-05/05.tex:70: Package keyval Error: ##numbers undefined.

See the keyval package documentation for explanation.
Type  H <return>  for immediate help.
 ...                                              
                                                  
l.70 ...course, the unit hypercube in $\E^6$ has |
                                                  size = [1,1,1,1,1,1]|.
Try typing  <return>  to proceed.
If that doesn't work, type  X <return>  to quit.


./chapter-05/05.tex:73: Package keyval Error: ##numbers undefined.

See the keyval package documentation for explanation.
Type  H <return>  for immediate help.
 ...                                              
                                                  
l.73 The |
          Plasm| coding of the icosphere, polyhedral approximation of the ...

Try typing  <return>  to proceed.
If that doesn't work, type  X <return>  to quit.


./chapter-05/05.tex:73: Package keyval Error: ##numbers undefined.

See the keyval package documentation for explanation.
Type  H <return>  for immediate help.
 ...                                              
                                                  
l.73 ...the 2-sphere obtained by subdividing the |
                                                  ICOSAHEDRON()| surface is ...

Try typing  <return>  to proceed.
If that doesn't work, type  X <return>  to quit.


./chapter-05/05.tex:77: Package keyval Error: ##numbers undefined.

See the keyval package documentation for explanation.
Type  H <return>  for immediate help.
 ...                                              
                                                  
l.77 ...e generate the cell complex of the input |
                                                  obj| using the |LAR| combi...

Try typing  <return>  to proceed.
If that doesn't work, type  X <return>  to quit.


./chapter-05/05.tex:77: Package keyval Error: ##numbers undefined.

See the keyval package documentation for explanation.
Type  H <return>  for immediate help.
 ...                                              
                                                  
l.77 ...ell complex of the input |obj| using the |
                                                  LAR| combinator, then for ...

Try typing  <return>  to proceed.
If that doesn't work, type  X <return>  to quit.


./chapter-05/05.tex:77: Package keyval Error: ##numbers undefined.

See the keyval package documentation for explanation.
Type  H <return>  for immediate help.
 ...                                              
                                                  
l.77 ...tices the new ones, scaled by the factor |
                                                  r1/s1| built with the dist...

Try typing  <return>  to proceed.
If that doesn't work, type  X <return>  to quit.


./chapter-05/05.tex:77: Package keyval Error: ##numbers undefined.

See the keyval package documentation for explanation.
Type  H <return>  for immediate help.
 ...                                              
                                                  
l.77 ...tor |r1/s1| built with the distance from |
                                                  [0,0,0]| center of both mo...

Try typing  <return>  to proceed.
If that doesn't work, type  X <return>  to quit.


./chapter-05/05.tex:78: Package keyval Error: ##numbers undefined.

See the keyval package documentation for explanation.
Type  H <return>  for immediate help.
 ...                                              
                                                  
l.78 ...=JuliaLocal, style=julia, mathescape=true]
                                                  
Try typing  <return>  to proceed.
If that doesn't work, type  X <return>  to quit.


./chapter-05/05.tex:89: Package keyval Error: ##numbers undefined.

See the keyval package documentation for explanation.
Type  H <return>  for immediate help.
 ...                                              
                                                  
l.89 Finally, the |
                   [W; V*(r1/s1)]::Vector{Vector{Float64}}| made by old vert...

Try typing  <return>  to proceed.
If that doesn't work, type  X <return>  to quit.


./chapter-05/05.tex:89: Package keyval Error: ##numbers undefined.

See the keyval package documentation for explanation.
Type  H <return>  for immediate help.
 ...                                              
                                                  
l.89 ...new scaled ones is given to the operator |
                                                  CONVEXHULL| that transform...

Try typing  <return>  to proceed.
If that doesn't work, type  X <return>  to quit.


./chapter-05/05.tex:89: Package keyval Error: ##numbers undefined.

See the keyval package documentation for explanation.
Type  H <return>  for immediate help.
 ...                                              
                                                  
l.89 ...ator |CONVEXHULL| that transforms such a |
                                                  Vector| of point (|Vector{...

Try typing  <return>  to proceed.
If that doesn't work, type  X <return>  to quit.


./chapter-05/05.tex:89: Package keyval Error: ##numbers undefined.

See the keyval package documentation for explanation.
Type  H <return>  for immediate help.
 ...                                              
                                                  
l.89 ...hat transforms such a |Vector| of point (|
                                                  Vector{Float64}|) in their...

Try typing  <return>  to proceed.
If that doesn't work, type  X <return>  to quit.


./chapter-05/05.tex:90: Package keyval Error: ##numbers undefined.

See the keyval package documentation for explanation.
Type  H <return>  for immediate help.
 ...                                              
                                                  
l.90 ...=JuliaLocal, style=julia, mathescape=true]
                                                  
Try typing  <return>  to proceed.
If that doesn't work, type  X <return>  to quit.

[125]
File: chapter-05/figs/icosphere0.pdf Graphic file (type pdf)
<use chapter-05/figs/icosphere0.pdf>
File: chapter-05/figs/icosphere1.pdf Graphic file (type pdf)
<use chapter-05/figs/icosphere1.pdf>
File: chapter-05/figs/icosphere2.pdf Graphic file (type pdf)
<use chapter-05/figs/icosphere2.pdf>


./chapter-05/05.tex:115: Package keyval Error: ##numbers undefined.

See the keyval package documentation for explanation.
Type  H <return>  for immediate help.
 ...                                              
                                                  
l.115 The functions |
                     INTERVALS| or |QUOTE| may be used to create many types ...

Try typing  <return>  to proceed.
If that doesn't work, type  X <return>  to quit.


./chapter-05/05.tex:115: Package keyval Error: ##numbers undefined.

See the keyval package documentation for explanation.
Type  H <return>  for immediate help.
 ...                                              
                                                  
l.115 The functions |INTERVALS| or |
                                    QUOTE| may be used to create many types ...

Try typing  <return>  to proceed.
If that doesn't work, type  X <return>  to quit.


./chapter-05/05.tex:117: LaTeX Error: Environment floatplasm undefined.

See the LaTeX manual or LaTeX Companion for explanation.
Type  H <return>  for immediate help.
 ...                                              
                                                  
l.117 \begin{script}
                    [Building frame]\
Your command was ignored.
Type  I <command> <return>  to replace it with another command,
or  <return>  to continue without it.

Package hyperref Info: bookmark level for unknown plist defaults to 0 on input 
line 117.

./chapter-05/05.tex:119: Package keyval Error: ##numbers undefined.

See the keyval package documentation for explanation.
Type  H <return>  for immediate help.
 ...                                              
                                                  
l.119 ...JuliaLocal, style=julia, mathescape=true]
                                                  
Try typing  <return>  to proceed.
If that doesn't work, type  X <return>  to quit.


./chapter-05/05.tex:127: Package keyval Error: ##numbers undefined.

See the keyval package documentation for explanation.
Type  H <return>  for immediate help.
 ...                                              
                                                  
l.127 Then, the alternate set of |
                                  INTERVALS| vector parameters are generated...

Try typing  <return>  to proceed.
If that doesn't work, type  X <return>  to quit.


./chapter-05/05.tex:127: Package keyval Error: ##numbers undefined.

See the keyval package documentation for explanation.
Type  H <return>  for immediate help.
 ...                                              
                                                  
l.127 ...meters are generated by Julia broadcast |
                                                  .*| of the scalar |-1|, in...

Try typing  <return>  to proceed.
If that doesn't work, type  X <return>  to quit.


./chapter-05/05.tex:127: Package keyval Error: ##numbers undefined.

See the keyval package documentation for explanation.
Type  H <return>  for immediate help.
 ...                                              
                                                  
l.127 ...d by Julia broadcast |.*| of the scalar |
                                                  -1|, in order to invert al...

Try typing  <return>  to proceed.
If that doesn't work, type  X <return>  to quit.


./chapter-05/05.tex:128: Package keyval Error: ##numbers undefined.

See the keyval package documentation for explanation.
Type  H <return>  for immediate help.
 ...                                              
                                                  
l.128 ...JuliaLocal, style=julia, mathescape=true]
                                                  
Try typing  <return>  to proceed.
If that doesn't work, type  X <return>  to quit.

[126]

./chapter-05/05.tex:134: Package keyval Error: ##numbers undefined.

See the keyval package documentation for explanation.
Type  H <return>  for immediate help.
 ...                                              
                                                  
l.134 ...JuliaLocal, style=julia, mathescape=true]
                                                  
Try typing  <return>  to proceed.
If that doesn't work, type  X <return>  to quit.


./chapter-05/05.tex:141: Package keyval Error: ##numbers undefined.

See the keyval package documentation for explanation.
Type  H <return>  for immediate help.
 ...                                              
                                                  
l.141 ... of 3D cells are aggregated in a single |
                                                  Plasm| complex using the |...

Try typing  <return>  to proceed.
If that doesn't work, type  X <return>  to quit.


./chapter-05/05.tex:141: Package keyval Error: ##numbers undefined.

See the keyval package documentation for explanation.
Type  H <return>  for immediate help.
 ...                                              
                                                  
l.141 ...d in a single |Plasm| complex using the |
                                                  STRUCT| combinator discuss...

Try typing  <return>  to proceed.
If that doesn't work, type  X <return>  to quit.


./chapter-05/05.tex:142: Package keyval Error: ##numbers undefined.

See the keyval package documentation for explanation.
Type  H <return>  for immediate help.
 ...                                              
                                                  
l.142 ...JuliaLocal, style=julia, mathescape=true]
                                                  
Try typing  <return>  to proceed.
If that doesn't work, type  X <return>  to quit.


./chapter-05/05.tex:146: LaTeX Error: \begin{script} on input line 117 ended by
 \end{floatplasm}.

See the LaTeX manual or LaTeX Companion for explanation.
Type  H <return>  for immediate help.
 ...                                              
                                                  
l.146 \end{script}
                  
Your command was ignored.
Type  I <command> <return>  to replace it with another command,
or  <return>  to continue without it.

File: chapter-05/figs/frame.pdf Graphic file (type pdf)
<use chapter-05/figs/frame.pdf>

Class SVMono Warning: \sidecaption: No sufficient room for the legend; 
using normal \caption on input line 152.

./chapter-05/05.tex:154: Extra }, or forgotten \endgroup.
\@endfloatbox ...pagefalse \outer@nobreak \egroup 
                                                  \color@endbox 
l.154 \end{figure}
                  
I've deleted a group-closing symbol because it seems to be
spurious, as in `$x}$'. But perhaps the } is legitimate and
you forgot something else, as in `\hbox{$x}'. In such cases
the way to recover is to insert both the forgotten and the
deleted material, e.g., by typing `I$}'.


./chapter-05/05.tex:157: LaTeX Error: Environment floatplasm undefined.

See the LaTeX manual or LaTeX Companion for explanation.
Type  H <return>  for immediate help.
 ...                                              
                                                  
l.157 \begin{script}
                    [Building skeleton]
Your command was ignored.
Type  I <command> <return>  to replace it with another command,
or  <return>  to continue without it.


./chapter-05/05.tex:158: Package keyval Error: ##numbers undefined.

See the keyval package documentation for explanation.
Type  H <return>  for immediate help.
 ...                                              
                                                  
l.158 ... building skeleton model, by creating a |
                                                  STRUCT| assembly generated...

Try typing  <return>  to proceed.
If that doesn't work, type  X <return>  to quit.


./chapter-05/05.tex:158: Package keyval Error: ##numbers undefined.

See the keyval package documentation for explanation.
Type  H <return>  for immediate help.
 ...                                              
                                                  
l.158 ...eating a |STRUCT| assembly generated by |
                                                  n=7|instances of the Julia...

Try typing  <return>  to proceed.
If that doesn't work, type  X <return>  to quit.


./chapter-05/05.tex:158: Package keyval Error: ##numbers undefined.

See the keyval package documentation for explanation.
Type  H <return>  for immediate help.
 ...                                              
                                                  
l.158 ...enerated by |n=7|instances of the Julia |
                                                  Vector| made by the |Hpc| ...

Try typing  <return>  to proceed.
If that doesn't work, type  X <return>  to quit.


./chapter-05/05.tex:158: Package keyval Error: ##numbers undefined.

See the keyval package documentation for explanation.
Type  H <return>  for immediate help.
 ...                                              
                                                  
l.158 ...ances of the Julia |Vector| made by the |
                                                  Hpc| value |frame| and by ...

Try typing  <return>  to proceed.
If that doesn't work, type  X <return>  to quit.


./chapter-05/05.tex:158: Package keyval Error: ##numbers undefined.

See the keyval package documentation for explanation.
Type  H <return>  for immediate help.
 ...                                              
                                                  
l.158 ... Julia |Vector| made by the |Hpc| value |
                                                  frame| and by the |MatrixN...

Try typing  <return>  to proceed.
If that doesn't work, type  X <return>  to quit.


./chapter-05/05.tex:158: Package keyval Error: ##numbers undefined.

See the keyval package documentation for explanation.
Type  H <return>  for immediate help.
 ...                                              
                                                  
l.158 ...e by the |Hpc| value |frame| and by the |
                                                  MatrixNd| value |T(3)(3.3)...

Try typing  <return>  to proceed.
If that doesn't work, type  X <return>  to quit.


./chapter-05/05.tex:158: Package keyval Error: ##numbers undefined.

See the keyval package documentation for explanation.
Type  H <return>  for immediate help.
 ...                                              
                                                  
l.158 ...lue |frame| and by the |MatrixNd| value |
                                                  T(3)(3.3)| producing a tra...

Try typing  <return>  to proceed.
If that doesn't work, type  X <return>  to quit.


./chapter-05/05.tex:159: Package keyval Error: ##numbers undefined.

See the keyval package documentation for explanation.
Type  H <return>  for immediate help.
 ...                                              
                                                  
l.159 ...JuliaLocal, style=julia, mathescape=true]
                                                  
Try typing  <return>  to proceed.
If that doesn't work, type  X <return>  to quit.


./chapter-05/05.tex:163: LaTeX Error: \begin{script} on input line 157 ended by
 \end{floatplasm}.

See the LaTeX manual or LaTeX Companion for explanation.
Type  H <return>  for immediate help.
 ...                                              
                                                  
l.163 \end{script}
                  
Your command was ignored.
Type  I <command> <return>  to replace it with another command,
or  <return>  to continue without it.

File: chapter-05/figs/skeleton.pdf Graphic file (type pdf)
<use chapter-05/figs/skeleton.pdf>
./chapter-05/05.tex:170: Extra }, or forgotten \endgroup.
\@endfloatbox ...pagefalse \outer@nobreak \egroup 
                                                  \color@endbox 
l.170 \end{figure}
                  
I've deleted a group-closing symbol because it seems to be
spurious, as in `$x}$'. But perhaps the } is legitimate and
you forgot something else, as in `\hbox{$x}'. In such cases
the way to recover is to insert both the forgotten and the
deleted material, e.g., by typing `I$}'.

) [127] [128] (./plasmbook.bbl
LaTeX Font Info:    Calculating math sizes for size <8.5> on input line 12.
LaTeX Font Info:    Font shape `TU/texgyrepagella-math.otf(2)/m/n' will be
(Font)              scaled to size 8.5009pt on input line 12.
LaTeX Font Info:    Font shape `TU/texgyrepagella-math.otf(2)/m/n' will be
(Font)              scaled to size 5.95059pt on input line 12.
LaTeX Font Info:    Font shape `TU/texgyrepagella-math.otf(2)/m/n' will be
(Font)              scaled to size 4.25044pt on input line 12.
LaTeX Font Info:    Font shape `TU/texgyrepagella-math.otf(3)/m/n' will be
(Font)              scaled to size 8.49908pt on input line 12.
LaTeX Font Info:    Font shape `TU/texgyrepagella-math.otf(3)/m/n' will be
(Font)              scaled to size 5.94933pt on input line 12.
LaTeX Font Info:    Font shape `TU/texgyrepagella-math.otf(3)/m/n' will be
(Font)              scaled to size 4.24954pt on input line 12.
 [142










] [143]) [144] [146



]
No file plasmbook.ind.
\tf@thm=\write7
\openout7 = `plasmbook.thm'.

(./plasmbook.aux (./dedication.aux) (./foreword.aux) (./preface.aux)
(./acknowledgement.aux) (./part-I.aux) (./chapter-01/01.aux)
(./chapter-02/02.aux) (./chapter-03/03.aux) (./part-II.aux)
(./chapter-04/04.aux) (./chapter-05/05.aux) (./chapter-06/06.aux)
(./chapter-07/07.aux) (./chapter-08/08.aux) (./part-III.aux)
(./chapter-09/09.aux) (./chapter-10/10.aux) (./part-IV.aux)
(./chapter-11/11.aux) (./appendix/appendix.aux) (./glossary.aux)
(./solutions.aux))

LaTeX Warning: There were undefined references.


LaTeX Warning: There were multiply-defined labels.

Package rerunfilecheck Info: File `plasmbook.out' has not changed.
(rerunfilecheck)             Checksum: 4DFF81C8C53C74C6B09DDA0B86CD8E57;1293.
 ) 
Here is how much of TeX's memory you used:
 21819 strings out of 476683
 389537 string characters out of 5804047
 2064018 words of memory out of 5000000
 41651 multiletter control sequences out of 15000+600000
 518618 words of font info for 112 fonts, out of 8000000 for 9000
 1348 hyphenation exceptions out of 8191
 86i,10n,114p,9597b,11981s stack positions out of 10000i,1000n,20000p,200000b,200000s

Output written on plasmbook.pdf (16 pages).
