\BOOKMARK [-1][-]{part.1}{\376\377\000P\000a\000r\000t\000\040\000I\000\040\000B\000a\000s\000i\000c\000\040\000C\000o\000n\000c\000e\000p\000t\000s}{}% 1
\BOOKMARK [0][-]{chapter.1}{\376\377\000I\000n\000t\000r\000o\000d\000u\000c\000t\000i\000o\000n\000\040\000t\000o\000\040\000J\000u\000l\000i\000a\000\040\000P\000r\000o\000g\000r\000a\000m\000m\000i\000n\000g}{part.1}% 2
\BOOKMARK [1][-]{section.1.1}{\376\377\000B\000a\000s\000i\000c\000\040\000s\000y\000n\000t\000a\000x\000\040\000a\000n\000d\000\040\000t\000y\000p\000e\000\040\000s\000y\000s\000t\000e\000m}{chapter.1}% 3
\BOOKMARK [1][-]{section.1.2}{\376\377\000F\000u\000n\000c\000t\000i\000o\000n\000s\000\040\000a\000n\000d\000\040\000c\000o\000l\000l\000e\000c\000t\000i\000o\000n\000s}{chapter.1}% 4
\BOOKMARK [2][-]{subsection.1.2.1}{\376\377\000J\000u\000l\000i\000a\000\040\000f\000u\000n\000c\000t\000i\000o\000n\000s}{section.1.2}% 5
\BOOKMARK [2][-]{subsection.1.2.2}{\376\377\000C\000o\000l\000l\000e\000c\000t\000i\000o\000n\000s}{section.1.2}% 6
\BOOKMARK [1][-]{section.1.3}{\376\377\000M\000a\000t\000r\000i\000x\000\040\000c\000o\000m\000p\000u\000t\000a\000t\000i\000o\000n\000s}{chapter.1}% 7
\BOOKMARK [1][-]{section.1.4}{\376\377\000L\000i\000n\000e\000a\000r\000\040\000a\000l\000g\000e\000b\000r\000a\000\040\000a\000n\000d\000\040\000s\000p\000a\000r\000s\000e\000\040\000a\000r\000r\000a\000y\000s}{chapter.1}% 8
\BOOKMARK [1][-]{section.1.5}{\376\377\000P\000a\000r\000a\000l\000l\000e\000l\000\040\000a\000n\000d\000\040\000d\000i\000s\000t\000r\000i\000b\000u\000t\000e\000d\000\040\000c\000o\000m\000p\000u\000t\000i\000n\000g}{chapter.1}% 9
\BOOKMARK [2][-]{subsection.1.5.1}{\376\377\000P\000a\000r\000a\000l\000l\000e\000l\000\040\000P\000r\000o\000g\000r\000a\000m\000m\000i\000n\000g}{section.1.5}% 10
\BOOKMARK [2][-]{subsection.1.5.2}{\376\377\000M\000u\000l\000t\000i\000p\000r\000o\000c\000e\000s\000s\000i\000n\000g\000\040\000a\000n\000d\000\040\000D\000i\000s\000t\000r\000i\000b\000u\000t\000e\000d\000\040\000C\000o\000m\000p\000u\000t\000i\000n\000g}{section.1.5}% 11
\BOOKMARK [2][-]{subsection.1.5.3}{\376\377\000P\000r\000o\000g\000r\000a\000m\000m\000i\000n\000g\000\040\000t\000h\000e\000\040\000G\000P\000U}{section.1.5}% 12
\BOOKMARK [1][-]{section.1.6}{\376\377\000M\000o\000d\000u\000l\000e\000s\000\040\000a\000n\000d\000\040\000p\000a\000c\000k\000a\000g\000e\000s}{chapter.1}% 13
\BOOKMARK [1][-]{section*.24}{\376\377\000R\000e\000f\000e\000r\000e\000n\000c\000e\000s}{chapter.1}% 14
\BOOKMARK [0][-]{chapter.2}{\376\377\000T\000h\000e\000\040\000P\000a\000c\000k\000a\000g\000e\000\040\000P\000l\000a\000s\000m\000.\000j\000l}{part.1}% 15
\BOOKMARK [1][-]{section.2.1}{\376\377\000B\000a\000c\000k\000u\000s\000'\000\040\000f\000u\000n\000c\000t\000i\000o\000n\000a\000l\000\040\000p\000r\000o\000g\000r\000a\000m\000m\000i\000n\000g}{chapter.2}% 16
\BOOKMARK [1][-]{section.2.2}{\376\377\000F\000L\000-\000b\000a\000s\000e\000d\000\040\000P\000L\000a\000S\000M\000\040\000i\000n\000\040\000J\000u\000l\000i\000a\000\040\000s\000y\000n\000t\000a\000x}{chapter.2}% 17
\BOOKMARK [1][-]{section.2.3}{\376\377\000G\000e\000o\000m\000e\000t\000r\000i\000c\000\040\000P\000r\000o\000g\000r\000a\000m\000m\000i\000n\000g\000\040\000a\000t\000\040\000F\000u\000n\000c\000t\000i\000o\000n\000\040\000L\000e\000v\000e\000l}{chapter.2}% 18
\BOOKMARK [1][-]{section.2.4}{\376\377\000J\000u\000l\000i\000a\040\031\000s\000\040\000p\000a\000c\000k\000a\000g\000e\000\040\000P\000l\000a\000s\000m\000.\000j\000l}{chapter.2}% 19
\BOOKMARK [1][-]{section.2.5}{\376\377\000J\000u\000l\000i\000a\000\040\000R\000E\000P\000L\000\040\000\050\000R\000e\000a\000d\000-\000E\000v\000a\000l\000-\000P\000r\000i\000n\000t\000-\000L\000o\000o\000p\000\051}{chapter.2}% 20
\BOOKMARK [1][-]{section.2.6}{\376\377\000G\000e\000o\000m\000e\000t\000r\000i\000c\000\040\000P\000r\000o\000g\000r\000a\000m\000m\000i\000n\000g\000\040\000e\000x\000a\000m\000p\000l\000e\000s}{chapter.2}% 21
\BOOKMARK [1][-]{section*.48}{\376\377\000R\000e\000f\000e\000r\000e\000n\000c\000e\000s}{chapter.2}% 22
\BOOKMARK [0][-]{chapter.3}{\376\377\000G\000e\000o\000m\000e\000t\000r\000y\000\040\000a\000n\000d\000\040\000t\000o\000p\000o\000l\000o\000g\000y\000\040\000p\000r\000i\000m\000e\000r}{part.1}% 23
\BOOKMARK [1][-]{section.3.1}{\376\377\000G\000e\000o\000m\000e\000t\000r\000i\000c\000\040\000S\000p\000a\000c\000e\000s}{chapter.3}% 24
\BOOKMARK [2][-]{subsection.3.1.1}{\376\377\000V\000e\000c\000t\000o\000r\000\040\000s\000p\000a\000c\000e}{section.3.1}% 25
\BOOKMARK [2][-]{subsection.3.1.2}{\376\377\000A\000f\000f\000i\000n\000e\000\040\000s\000p\000a\000c\000e}{section.3.1}% 26
\BOOKMARK [2][-]{subsection.3.1.3}{\376\377\000C\000o\000n\000v\000e\000x\000\040\000s\000p\000a\000c\000e}{section.3.1}% 27
\BOOKMARK [1][-]{section.3.2}{\376\377\000C\000e\000l\000l\000u\000l\000a\000r\000\040\000m\000o\000d\000e\000l\000s}{chapter.3}% 28
\BOOKMARK [2][-]{subsection.3.2.1}{\376\377\000S\000i\000m\000p\000l\000i\000c\000i\000a\000l\000\040\000c\000o\000m\000p\000l\000e\000x}{section.3.2}% 29
\BOOKMARK [2][-]{subsection.3.2.2}{\376\377\000C\000u\000b\000i\000c\000a\000l\000\040\000c\000o\000m\000p\000l\000e\000x\000\040\000a\000n\000d\000\040\000g\000r\000i\000d}{section.3.2}% 30
\BOOKMARK [2][-]{subsection.3.2.3}{\376\377\000P\000o\000l\000y\000h\000e\000d\000r\000a\000l\000\040\000c\000o\000m\000p\000l\000e\000x}{section.3.2}% 31
\BOOKMARK [1][-]{section.3.3}{\376\377\000C\000h\000a\000i\000n\000\040\000c\000o\000m\000p\000l\000e\000x}{chapter.3}% 32
\BOOKMARK [2][-]{subsection.3.3.1}{\376\377\000L\000i\000n\000e\000a\000r\000\040\000c\000h\000a\000i\000n\000\040\000s\000p\000a\000c\000e\000s}{section.3.3}% 33
\BOOKMARK [2][-]{subsection.3.3.2}{\376\377\000L\000i\000n\000e\000a\000r\000\040\000c\000h\000a\000i\000n\000\040\000o\000p\000e\000r\000a\000t\000o\000r\000s}{section.3.3}% 34
\BOOKMARK [1][-]{section.3.4}{\376\377\000C\000o\000c\000h\000a\000i\000n\000\040\000i\000n\000t\000e\000g\000r\000a\000t\000i\000o\000n\000\040\000\050\000s\000u\000r\000f\000a\000c\000e\000,\000\040\000v\000o\000l\000u\000m\000e\000,\000\040\000i\000n\000e\000r\000t\000i\000a\000\051}{chapter.3}% 35
\BOOKMARK [-1][-]{part.2}{\376\377\000P\000a\000r\000t\000\040\000I\000I\000\040\000D\000i\000m\000e\000n\000s\000i\000o\000n\000-\000i\000n\000d\000e\000p\000e\000n\000d\000e\000n\000t\000\040\000M\000o\000d\000e\000l\000i\000n\000g}{}% 36
\BOOKMARK [0][-]{chapter.4}{\376\377\000G\000e\000o\000m\000e\000t\000r\000i\000c\000\040\000m\000o\000d\000e\000l\000s}{part.2}% 37
\BOOKMARK [1][-]{section.4.1}{\376\377\000P\000l\000a\000s\000m\000\040\000g\000e\000o\000m\000e\000t\000r\000i\000c\000\040\000t\000y\000p\000e\000s}{chapter.4}% 38
\BOOKMARK [1][-]{section.4.2}{\376\377\000P\000l\000a\000s\000m\000\040\000p\000a\000r\000a\000m\000e\000t\000r\000i\000c\000\040\000p\000r\000i\000m\000i\000t\000i\000v\000e\000s}{chapter.4}% 39
\BOOKMARK [2][-]{subsection.4.2.1}{\376\377\000G\000e\000o\000m\000e\000t\000r\000i\000c\000\040\000T\000r\000a\000n\000s\000f\000o\000r\000m\000a\000t\000i\000o\000n\000s}{section.4.2}% 40
\BOOKMARK [1][-]{section.4.3}{\376\377\000A\000s\000s\000e\000m\000b\000l\000y\000\040\000o\000f\000\040\000g\000e\000o\000m\000e\000t\000r\000i\000c\000\040\000o\000b\000j\000e\000c\000t\000s}{chapter.4}% 41
\BOOKMARK [2][-]{subsection.4.3.1}{\376\377\000H\000i\000e\000r\000a\000r\000c\000h\000i\000c\000a\000l\000\040\000g\000r\000a\000p\000h\000s}{section.4.3}% 42
\BOOKMARK [1][-]{section.4.4}{\376\377\000A\000t\000t\000a\000c\000h\000\040\000p\000r\000o\000p\000e\000r\000t\000i\000e\000s\000\040\000t\000o\000\040\000g\000e\000o\000m\000e\000t\000r\000y}{chapter.4}% 43
\BOOKMARK [1][-]{section.4.5}{\376\377\000D\000e\000s\000i\000g\000n\000\040\000d\000o\000c\000u\000m\000e\000n\000t\000a\000t\000i\000o\000n\000\040\000n\000o\000t\000e\000b\000o\000o\000k\000s}{chapter.4}% 44
\BOOKMARK [1][-]{section.4.6}{\376\377\000E\000x\000p\000o\000r\000t\000\040\000g\000e\000o\000m\000e\000t\000r\000y}{chapter.4}% 45
\BOOKMARK [0][-]{chapter.5}{\376\377\000S\000y\000m\000b\000o\000l\000i\000c\000\040\000m\000o\000d\000e\000l\000i\000n\000g\000\040\000w\000i\000t\000h\000\040\000J\000u\000l\000i\000a\000\040\000P\000l\000a\000s\000m}{part.2}% 46
\BOOKMARK [1][-]{section.5.1}{\376\377\000\040\000P\000r\000i\000m\000i\000t\000i\000v\000e\000\040\000g\000e\000n\000e\000r\000a\000t\000o\000r\000s}{chapter.5}% 47
\BOOKMARK [1][-]{section.5.2}{\376\377\000\040\000P\000l\000a\000s\000m\000\040\000t\000o\000p\000o\000l\000o\000g\000i\000c\000a\000l\000\040\000o\000p\000e\000r\000a\000t\000o\000r\000s}{chapter.5}% 48
\BOOKMARK [2][-]{subsection.5.2.1}{\376\377\000I\000n\000c\000i\000d\000e\000n\000c\000e\000\040\000o\000p\000e\000r\000a\000t\000o\000r\000s}{section.5.2}% 49
\BOOKMARK [2][-]{subsection.5.2.2}{\376\377\000A\000d\000i\000a\000c\000e\000n\000c\000y\000\040\000o\000p\000e\000r\000a\000t\000o\000r\000s}{section.5.2}% 50
\BOOKMARK [2][-]{subsection.5.2.3}{\376\377\000A\000t\000o\000m\000i\000c\000\040\000d\000e\000c\000o\000m\000p\000o\000s\000i\000t\000i\000o\000n}{section.5.2}% 51
\BOOKMARK [1][-]{section.5.3}{\376\377\000\040\000M\000a\000n\000i\000f\000o\000l\000d\000\040\000m\000a\000p\000p\000i\000n\000g}{chapter.5}% 52
\BOOKMARK [1][-]{section.5.4}{\376\377\000\040\000P\000a\000r\000a\000m\000e\000t\000r\000i\000c\000\040\000c\000u\000r\000v\000e\000s\000,\000\040\000s\000u\000r\000f\000a\000c\000e\000s\000,\000\040\000a\000n\000d\000\040\000s\000o\000l\000i\000d\000s\000\040}{chapter.5}% 53
\BOOKMARK [2][-]{subsection.5.4.1}{\376\377\000\040\000C\000u\000r\000v\000e\000\040\000g\000e\000n\000e\000r\000a\000t\000i\000o\000n\000\040\000m\000e\000t\000h\000o\000d\000s}{section.5.4}% 54
\BOOKMARK [2][-]{subsection.5.4.2}{\376\377\000\040\000S\000u\000r\000f\000a\000c\000e\000\040\000g\000e\000n\000e\000r\000a\000t\000i\000o\000n\000\040\000m\000e\000t\000h\000o\000d\000s}{section.5.4}% 55
\BOOKMARK [2][-]{subsection.5.4.3}{\376\377\000\040\000S\000o\000l\000i\000d\000\040\000g\000e\000n\000e\000r\000a\000t\000i\000o\000n\000\040\000e\000x\000a\000m\000p\000l\000e\000s}{section.5.4}% 56
\BOOKMARK [0][-]{chapter.6}{\376\377\000P\000r\000o\000d\000u\000c\000t\000\040\000a\000s\000s\000e\000m\000b\000l\000y\000\040\000s\000t\000r\000u\000c\000t\000u\000r\000e}{part.2}% 57
\BOOKMARK [1][-]{section.6.1}{\376\377\000H\000i\000e\000r\000a\000r\000c\000h\000i\000c\000a\000l\000\040\000a\000s\000s\000e\000m\000b\000l\000y\000\040\000d\000e\000f\000i\000n\000i\000t\000i\000o\000n}{chapter.6}% 58
\BOOKMARK [1][-]{section.6.2}{\376\377\000D\000a\000t\000a\000\040\000s\000t\000r\000u\000c\000t\000u\000r\000e\000s\000\040\000i\000n\000\040\000s\000o\000l\000i\000d\000\040\000m\000o\000d\000e\000l\000i\000n\000g}{chapter.6}% 59
\BOOKMARK [1][-]{section.6.3}{\376\377\000S\000t\000r\000u\000c\000t\000u\000r\000e\000\040\000i\000n\000\040\000D\000O\000M\000\040\000a\000n\000d\000\040\000P\000l\000a\000s\000m}{chapter.6}% 60
\BOOKMARK [1][-]{section.6.4}{\376\377\000J\000u\000l\000i\000a\000\040\000P\000l\000a\000s\000m\000\040\000d\000a\000t\000a\000\040\000s\000t\000r\000u\000c\000t\000u\000r\000e\000s}{chapter.6}% 61
\BOOKMARK [2][-]{subsection.6.4.1}{\376\377\000H\000i\000e\000r\000a\000r\000c\000h\000i\000c\000a\000l\000\040\000P\000o\000l\000y\000h\000e\000d\000r\000a\000l\000\040\000C\000o\000m\000p\000l\000e\000x\000\040\000\050\000H\000P\000C\000\051}{section.6.4}% 62
\BOOKMARK [2][-]{subsection.6.4.2}{\376\377\000L\000i\000n\000e\000a\000r\000\040\000A\000l\000g\000e\000b\000r\000a\000i\000c\000\040\000R\000e\000p\000r\000e\000s\000e\000n\000t\000a\000t\000i\000o\000n\000\040\000\050\000L\000A\000R\000\051}{section.6.4}% 63
\BOOKMARK [2][-]{subsection.6.4.3}{\376\377\000G\000e\000o\000m\000e\000t\000r\000i\000c\000\040\000D\000a\000t\000a\000S\000e\000t\000\040\000\050\000G\000E\000O\000\051}{section.6.4}% 64
\BOOKMARK [0][-]{chapter.7}{\376\377\000S\000p\000a\000c\000e\000\040\000a\000r\000r\000a\000n\000g\000e\000m\000e\000n\000t\000s}{part.2}% 65
\BOOKMARK [1][-]{section.7.1}{\376\377\000\040\000S\000p\000a\000c\000e\000\040\000p\000a\000r\000t\000i\000t\000i\000o\000n\000\040\000a\000n\000d\000\040\000e\000n\000u\000m\000e\000r\000a\000t\000i\000o\000n}{chapter.7}% 66
\BOOKMARK [1][-]{section.7.2}{\376\377\000\040\000C\000e\000l\000l\000u\000l\000a\000r\000\040\000a\000n\000d\000\040\000b\000o\000u\000n\000d\000a\000r\000y\000\040\000m\000o\000d\000e\000l\000s}{chapter.7}% 67
\BOOKMARK [1][-]{section.7.3}{\376\377\000\040\000A\000r\000r\000a\000n\000g\000e\000m\000e\000n\000t\000s\000\040\000a\000n\000d\000\040\000L\000a\000t\000t\000i\000c\000e\000s}{chapter.7}% 68
\BOOKMARK [1][-]{section.7.4}{\376\377\000\040\0002\000D\000\040\000a\000n\000d\000\040\0003\000D\000\040\000E\000x\000a\000m\000p\000l\000e\000s}{chapter.7}% 69
\BOOKMARK [0][-]{chapter.8}{\376\377\000B\000o\000o\000l\000e\000a\000n\000\040\000s\000o\000l\000i\000d\000\040\000a\000l\000g\000e\000b\000r\000a\000s}{part.2}% 70
\BOOKMARK [1][-]{section.8.1}{\376\377\000C\000o\000n\000s\000t\000r\000u\000c\000t\000i\000v\000e\000\040\000S\000o\000l\000i\000d\000\040\000G\000e\000o\000m\000e\000t\000r\000y\000\040\000\050\000C\000S\000G\000\051}{chapter.8}% 71
\BOOKMARK [1][-]{section.8.2}{\376\377\000A\000t\000o\000m\000s\000\040\000a\000n\000d\000\040\000G\000e\000n\000e\000r\000a\000t\000o\000r\000s\000\040}{chapter.8}% 72
\BOOKMARK [1][-]{section.8.3}{\376\377\000F\000i\000n\000i\000t\000e\000\040\000B\000o\000o\000l\000e\000a\000n\000\040\000A\000l\000g\000e\000b\000r\000a\000s}{chapter.8}% 73
\BOOKMARK [1][-]{section.8.4}{\376\377\000C\000o\000m\000p\000u\000t\000a\000t\000i\000o\000n\000a\000l\000\040\000P\000i\000p\000e\000l\000i\000n\000e}{chapter.8}% 74
\BOOKMARK [-1][-]{part.3}{\376\377\000P\000a\000r\000t\000\040\000I\000I\000I\000\040\000P\000o\000l\000y\000h\000e\000d\000r\000a\000l\000\040\000M\000o\000d\000e\000l\000i\000n\000g\000\040\000i\000n\000\040\000A\000E\000C}{}% 75
\BOOKMARK [0][-]{chapter.9}{\376\377\000B\000u\000i\000l\000d\000i\000n\000g\000\040\000I\000n\000f\000o\000r\000m\000a\000t\000i\000o\000n\000\040\000M\000o\000d\000e\000l\000i\000n\000g\000\040\000\050\000B\000I\000M\000\051}{part.3}% 76
\BOOKMARK [1][-]{section.9.1}{\376\377\000B\000I\000M\000\040\000h\000i\000s\000t\000o\000r\000y\000\040\000\050\000C\000h\000u\000c\000k\000\040\000E\000a\000s\000t\000m\000a\000n\000,\000\040\000.\000.\000.\000\051}{chapter.9}% 77
\BOOKMARK [1][-]{section.9.2}{\376\377\000B\000u\000i\000l\000d\000i\000n\000g\000\040\000t\000a\000x\000o\000n\000o\000m\000y\000\040\000\050\000U\000N\000I\000\040\0009\0008\0003\0008\000\051}{chapter.9}% 78
\BOOKMARK [1][-]{section.9.3}{\376\377\000B\000u\000i\000l\000d\000i\000n\000g\000\040\000e\000n\000v\000e\000l\000o\000p\000e}{chapter.9}% 79
\BOOKMARK [1][-]{section.9.4}{\376\377\000B\000u\000i\000l\000d\000i\000n\000g\000\040\000s\000k\000e\000l\000e\000t\000o\000n}{chapter.9}% 80
\BOOKMARK [1][-]{section.9.5}{\376\377\000C\000o\000n\000s\000t\000r\000u\000c\000t\000i\000o\000n\000\040\000P\000r\000o\000c\000e\000s\000s\000\040\000M\000o\000d\000e\000l\000i\000n\000g}{chapter.9}% 81
\BOOKMARK [0][-]{chapter.10}{\376\377\000I\000n\000d\000u\000s\000t\000r\000y\000\040\000F\000o\000u\000n\000d\000a\000t\000i\000o\000n\000\040\000C\000l\000a\000s\000s\000e\000s\000\040\000\050\000I\000F\000C\000\051}{part.3}% 82
\BOOKMARK [1][-]{section.10.1}{\376\377\000S\000i\000m\000p\000l\000e\000\040\000i\000n\000t\000r\000o\000d\000u\000c\000t\000i\000o\000n\000\040\000t\000o\000\040\000I\000F\000C}{chapter.10}% 83
\BOOKMARK [1][-]{section.10.2}{\376\377\000D\000a\000t\000a\000\040\000s\000c\000h\000e\000m\000e\000\040\000f\000o\000r\000\040\000B\000I\000M\000\040\000c\000o\000l\000l\000a\000b\000o\000r\000a\000t\000i\000o\000n}{chapter.10}% 84
\BOOKMARK [1][-]{section.10.3}{\376\377\000I\000f\000c\000S\000h\000a\000p\000e\000R\000e\000p\000r\000e\000s\000e\000n\000t\000a\000t\000i\000o\000n\000\040\000\050\000I\000F\000C\000\040\0004\000.\0003\000.\000x\000:\000\040\0008\000.\0001\0008\000.\0003\000.\0001\0004\000\051}{chapter.10}% 85
\BOOKMARK [2][-]{subsection.10.3.1}{\376\377\000R\000e\000p\000r\000e\000s\000e\000n\000t\000a\000t\000i\000o\000n\000\040\000i\000d\000e\000n\000t\000i\000f\000i\000e\000r\000s}{section.10.3}% 86
\BOOKMARK [2][-]{subsection.10.3.2}{\376\377\000R\000e\000p\000r\000e\000s\000e\000n\000t\000a\000t\000i\000o\000n\000\040\000t\000y\000p\000e\000s}{section.10.3}% 87
\BOOKMARK [2][-]{subsection.10.3.3}{\376\377\000R\000e\000p\000r\000e\000s\000e\000n\000t\000a\000t\000i\000o\000n\000\040\000E\000x\000a\000m\000p\000l\000e\000s}{section.10.3}% 88
\BOOKMARK [1][-]{section.10.4}{\376\377\000P\000l\000a\000s\000m\000\040\000p\000a\000r\000a\000m\000e\000t\000r\000i\000c\000\040\000p\000r\000o\000g\000r\000a\000m\000m\000i\000n\000g\000\040\000t\000o\000\040\000I\000F\000C}{chapter.10}% 89
\BOOKMARK [-1][-]{part.4}{\376\377\000P\000a\000r\000t\000\040\000I\000V\000\040\000G\000e\000o\000m\000e\000t\000r\000y\000\040\000f\000r\000o\000m\000\040\000P\000o\000i\000n\000t\000\040\000C\000l\000o\000u\000d}{}% 90
\BOOKMARK [0][-]{chapter.11}{\376\377\000M\000o\000d\000e\000l\000i\000n\000g\000\040\000f\000r\000o\000m\000\040\000P\000o\000i\000n\000t\000\040\000C\000l\000o\000u\000d\000s}{part.4}% 91
\BOOKMARK [1][-]{section.11.1}{\376\377\000\040\000G\000e\000o\000m\000e\000t\000r\000i\000c\000\040\000s\000u\000r\000v\000e\000y\000\040\000a\000n\000d\000\040\000P\000o\000i\000n\000t\000\040\000C\000l\000o\000u\000d}{chapter.11}% 92
\BOOKMARK [1][-]{section.11.2}{\376\377\000\040\000O\000u\000t\000-\000o\000f\000-\000C\000o\000r\000e\000\040\000P\000o\000t\000r\000e\000e\000\040\000d\000a\000t\000a\000s\000e\000t}{chapter.11}% 93
\BOOKMARK [1][-]{section.11.3}{\376\377\000\040\000M\000u\000l\000t\000i\000d\000i\000m\000e\000n\000s\000i\000o\000n\000a\000l\000\040\000a\000r\000r\000a\000y\000\040\000s\000t\000o\000r\000e}{chapter.11}% 94
\BOOKMARK [1][-]{section.11.4}{\376\377\000\040\000M\000a\000p\000p\000i\000n\000g\000\040\000t\000o\000\040\000s\000o\000l\000i\000d\000\040\000m\000o\000d\000e\000l\000s}{chapter.11}% 95
\BOOKMARK [1][-]{section.11.5}{\376\377\000\040\000D\000i\000g\000i\000t\000a\000l\000\040\000T\000w\000i\000n\000\040\000C\000i\000t\000y\000\040\000o\000f\000\040\000a\000\040\000R\000o\000m\000e\000\040\000N\000e\000i\000g\000h\000b\000o\000r}{chapter.11}% 96
\BOOKMARK [1][-]{section*.122}{\376\377\000R\000e\000f\000e\000r\000e\000n\000c\000e\000s}{chapter.11}% 97
